2020-03-08 13:19:55.240 GMT [11840] СООБЩЕНИЕ:  работа системы БД была прервана; последний момент работы: 2020-03-08 13:11:43 GMT
2020-03-08 13:19:55.493 GMT [11840] СООБЩЕНИЕ:  система БД была остановлена нештатно; производится автоматическое восстановление
2020-03-08 13:19:55.496 GMT [11840] СООБЩЕНИЕ:  запись REDO начинается со смещения 0/169BCA0
2020-03-08 13:19:55.496 GMT [11840] СООБЩЕНИЕ:  неверная длина записи по смещению 0/169BCD8: ожидалось 24, получено 0
2020-03-08 13:19:55.496 GMT [11840] СООБЩЕНИЕ:  записи REDO обработаны до смещения 0/169BCA0
2020-03-08 13:19:55.551 GMT [8188] СООБЩЕНИЕ:  система БД готова принимать подключения
2020-03-08 13:20:02.046 GMT [8188] СООБЩЕНИЕ:  фоновый процесс "logical replication launcher" (PID 4168) был прерван исключением 0xC000013A
2020-03-08 13:20:02.046 GMT [8188] ПОДСКАЗКА:  Описание этого шестнадцатеричного значения ищите во включаемом C-файле "ntstatus.h"
2020-03-08 13:20:02.046 GMT [8188] СООБЩЕНИЕ:  завершение всех остальных активных серверных процессов
2020-03-08 13:20:02.063 GMT [1312] ПРЕДУПРЕЖДЕНИЕ:  закрытие подключения из-за краха другого серверного процесса
2020-03-08 13:20:02.063 GMT [1312] ПОДРОБНОСТИ:  Управляющий процесс отдал команду этому серверному процессу откатить текущую транзакцию и завершиться, так как другой серверный процесс завершился аварийно и возможно разрушил разделяемую память.
2020-03-08 13:20:02.063 GMT [1312] ПОДСКАЗКА:  Вы сможете переподключиться к базе данных и повторить вашу команду сию минуту.
2020-03-08 13:20:02.084 GMT [8188] СООБЩЕНИЕ:  процесс сбора статистики (PID 8976) был прерван исключением 0xC000013A
2020-03-08 13:20:02.084 GMT [8188] ПОДСКАЗКА:  Описание этого шестнадцатеричного значения ищите во включаемом C-файле "ntstatus.h"
2020-03-08 13:20:02.098 GMT [8188] СООБЩЕНИЕ:  все серверные процессы завершены... переинициализация
2020-03-08 13:20:02.183 GMT [1492] СООБЩЕНИЕ:  работа системы БД была прервана; последний момент работы: 2020-03-08 13:19:55 GMT
2020-03-08 13:20:02.410 GMT [1492] СООБЩЕНИЕ:  система БД была остановлена нештатно; производится автоматическое восстановление
2020-03-08 13:20:02.414 GMT [1492] СООБЩЕНИЕ:  неверная длина записи по смещению 0/169BD50: ожидалось 24, получено 0
2020-03-08 13:20:02.414 GMT [1492] СООБЩЕНИЕ:  данные REDO не требуются
2020-03-08 13:20:02.449 GMT [8188] СООБЩЕНИЕ:  система БД готова принимать подключения
