2020-03-08 11:05:39.216 GMT [8452] СООБЩЕНИЕ:  система БД была выключена: 2020-03-08 11:05:31 GMT
2020-03-08 11:05:39.247 GMT [15796] СООБЩЕНИЕ:  система БД готова принимать подключения
2020-03-08 11:51:27.816 GMT [7372] РћРЁРР‘РљРђ:  РѕС‚РЅРѕС€РµРЅРёРµ "public.user" РЅРµ СЃСѓС‰РµСЃС‚РІСѓРµС‚ (СЃРёРјРІРѕР» 61)
2020-03-08 11:51:27.816 GMT [7372] РћРџР•Р РђРўРћР :  SELECT id, username, password, email INTO public.Users FROM public.User
2020-03-08 11:51:32.647 GMT [7372] РћРЁРР‘РљРђ:  РѕС‚РЅРѕС€РµРЅРёРµ "public.user" РЅРµ СЃСѓС‰РµСЃС‚РІСѓРµС‚ (СЃРёРјРІРѕР» 61)
2020-03-08 11:51:32.647 GMT [7372] РћРџР•Р РђРўРћР :  SELECT id, username, password, email INTO public.Users FROM public.User
2020-03-08 11:51:37.611 GMT [7372] РћРЁРР‘РљРђ:  СЃС‚РѕР»Р±РµС† "id" РЅРµ СЃСѓС‰РµСЃС‚РІСѓРµС‚ (СЃРёРјРІРѕР» 8)
2020-03-08 11:51:37.611 GMT [7372] РћРџР•Р РђРўРћР :  SELECT id, username, password, email INTO public.Users FROM User
2020-03-08 11:51:38.380 GMT [7372] РћРЁРР‘РљРђ:  СЃС‚РѕР»Р±РµС† "id" РЅРµ СЃСѓС‰РµСЃС‚РІСѓРµС‚ (СЃРёРјРІРѕР» 8)
2020-03-08 11:51:38.380 GMT [7372] РћРџР•Р РђРўРћР :  SELECT id, username, password, email INTO public.Users FROM User
2020-03-08 11:51:46.974 GMT [7372] РћРЁРР‘РљРђ:  РѕС‚РЅРѕС€РµРЅРёРµ "public.user" РЅРµ СЃСѓС‰РµСЃС‚РІСѓРµС‚ (СЃРёРјРІРѕР» 61)
2020-03-08 11:51:46.974 GMT [7372] РћРџР•Р РђРўРћР :  SELECT id, username, password, email INTO public.Users FROM public.User
2020-03-08 11:51:47.674 GMT [7372] РћРЁРР‘РљРђ:  РѕС‚РЅРѕС€РµРЅРёРµ "public.user" РЅРµ СЃСѓС‰РµСЃС‚РІСѓРµС‚ (СЃРёРјРІРѕР» 61)
2020-03-08 11:51:47.674 GMT [7372] РћРџР•Р РђРўРћР :  SELECT id, username, password, email INTO public.Users FROM public.User
2020-03-08 11:51:48.211 GMT [7372] РћРЁРР‘РљРђ:  РѕС‚РЅРѕС€РµРЅРёРµ "public.user" РЅРµ СЃСѓС‰РµСЃС‚РІСѓРµС‚ (СЃРёРјРІРѕР» 61)
2020-03-08 11:51:48.211 GMT [7372] РћРџР•Р РђРўРћР :  SELECT id, username, password, email INTO public.Users FROM public.User
2020-03-08 11:51:48.662 GMT [7372] РћРЁРР‘РљРђ:  РѕС‚РЅРѕС€РµРЅРёРµ "public.user" РЅРµ СЃСѓС‰РµСЃС‚РІСѓРµС‚ (СЃРёРјРІРѕР» 61)
2020-03-08 11:51:48.662 GMT [7372] РћРџР•Р РђРўРћР :  SELECT id, username, password, email INTO public.Users FROM public.User
2020-03-08 11:51:49.289 GMT [7372] РћРЁРР‘РљРђ:  РѕС‚РЅРѕС€РµРЅРёРµ "public.user" РЅРµ СЃСѓС‰РµСЃС‚РІСѓРµС‚ (СЃРёРјРІРѕР» 61)
2020-03-08 11:51:49.289 GMT [7372] РћРџР•Р РђРўРћР :  SELECT id, username, password, email INTO public.Users FROM public.User
2020-03-08 11:51:49.648 GMT [7372] РћРЁРР‘РљРђ:  РѕС‚РЅРѕС€РµРЅРёРµ "public.user" РЅРµ СЃСѓС‰РµСЃС‚РІСѓРµС‚ (СЃРёРјРІРѕР» 61)
2020-03-08 11:51:49.648 GMT [7372] РћРџР•Р РђРўРћР :  SELECT id, username, password, email INTO public.Users FROM public.User
2020-03-08 11:51:49.923 GMT [7372] РћРЁРР‘РљРђ:  РѕС‚РЅРѕС€РµРЅРёРµ "public.user" РЅРµ СЃСѓС‰РµСЃС‚РІСѓРµС‚ (СЃРёРјРІРѕР» 61)
2020-03-08 11:51:49.923 GMT [7372] РћРџР•Р РђРўРћР :  SELECT id, username, password, email INTO public.Users FROM public.User
2020-03-08 11:51:50.087 GMT [7372] РћРЁРР‘РљРђ:  РѕС‚РЅРѕС€РµРЅРёРµ "public.user" РЅРµ СЃСѓС‰РµСЃС‚РІСѓРµС‚ (СЃРёРјРІРѕР» 61)
2020-03-08 11:51:50.087 GMT [7372] РћРџР•Р РђРўРћР :  SELECT id, username, password, email INTO public.Users FROM public.User
2020-03-08 11:51:56.368 GMT [7372] РћРЁРР‘РљРђ:  РѕС‚РЅРѕС€РµРЅРёРµ "public.user" РЅРµ СЃСѓС‰РµСЃС‚РІСѓРµС‚ (СЃРёРјРІРѕР» 61)
2020-03-08 11:51:56.368 GMT [7372] РћРџР•Р РђРўРћР :  SELECT id, username, password, email INTO public.Users FROM public.User
2020-03-08 11:51:57.058 GMT [7372] РћРЁРР‘РљРђ:  РѕС‚РЅРѕС€РµРЅРёРµ "public.user" РЅРµ СЃСѓС‰РµСЃС‚РІСѓРµС‚ (СЃРёРјРІРѕР» 61)
2020-03-08 11:51:57.058 GMT [7372] РћРџР•Р РђРўРћР :  SELECT id, username, password, email INTO public.Users FROM public.User
2020-03-08 11:51:57.405 GMT [7372] РћРЁРР‘РљРђ:  РѕС‚РЅРѕС€РµРЅРёРµ "public.user" РЅРµ СЃСѓС‰РµСЃС‚РІСѓРµС‚ (СЃРёРјРІРѕР» 61)
2020-03-08 11:51:57.405 GMT [7372] РћРџР•Р РђРўРћР :  SELECT id, username, password, email INTO public.Users FROM public.User
2020-03-08 11:51:57.801 GMT [7372] РћРЁРР‘РљРђ:  РѕС‚РЅРѕС€РµРЅРёРµ "public.user" РЅРµ СЃСѓС‰РµСЃС‚РІСѓРµС‚ (СЃРёРјРІРѕР» 61)
2020-03-08 11:51:57.801 GMT [7372] РћРџР•Р РђРўРћР :  SELECT id, username, password, email INTO public.Users FROM public.User
2020-03-08 11:52:08.923 GMT [7372] РћРЁРР‘РљРђ:  СЃС‚РѕР»Р±РµС† "id" РЅРµ СЃСѓС‰РµСЃС‚РІСѓРµС‚ (СЃРёРјРІРѕР» 8)
2020-03-08 11:52:08.923 GMT [7372] РћРџР•Р РђРўРћР :  SELECT id, username, password, email INTO public.Users FROM User
2020-03-08 11:52:09.694 GMT [7372] РћРЁРР‘РљРђ:  СЃС‚РѕР»Р±РµС† "id" РЅРµ СЃСѓС‰РµСЃС‚РІСѓРµС‚ (СЃРёРјРІРѕР» 8)
2020-03-08 11:52:09.694 GMT [7372] РћРџР•Р РђРўРћР :  SELECT id, username, password, email INTO public.Users FROM User
2020-03-08 11:52:10.242 GMT [7372] РћРЁРР‘РљРђ:  СЃС‚РѕР»Р±РµС† "id" РЅРµ СЃСѓС‰РµСЃС‚РІСѓРµС‚ (СЃРёРјРІРѕР» 8)
2020-03-08 11:52:10.242 GMT [7372] РћРџР•Р РђРўРћР :  SELECT id, username, password, email INTO public.Users FROM User
2020-03-08 11:53:23.248 GMT [7372] РћРЁРР‘РљРђ:  СЃС‚РѕР»Р±РµС† "id" РЅРµ СЃСѓС‰РµСЃС‚РІСѓРµС‚ (СЃРёРјРІРѕР» 8)
2020-03-08 11:53:23.248 GMT [7372] РћРџР•Р РђРўРћР :  SELECT id, username, password, email INTO public.Users FROM User
2020-03-08 11:53:23.659 GMT [7372] РћРЁРР‘РљРђ:  СЃС‚РѕР»Р±РµС† "id" РЅРµ СЃСѓС‰РµСЃС‚РІСѓРµС‚ (СЃРёРјРІРѕР» 8)
2020-03-08 11:53:23.659 GMT [7372] РћРџР•Р РђРўРћР :  SELECT id, username, password, email INTO public.Users FROM User
2020-03-08 11:53:23.982 GMT [7372] РћРЁРР‘РљРђ:  СЃС‚РѕР»Р±РµС† "id" РЅРµ СЃСѓС‰РµСЃС‚РІСѓРµС‚ (СЃРёРјРІРѕР» 8)
2020-03-08 11:53:23.982 GMT [7372] РћРџР•Р РђРўРћР :  SELECT id, username, password, email INTO public.Users FROM User
2020-03-08 11:53:24.211 GMT [7372] РћРЁРР‘РљРђ:  СЃС‚РѕР»Р±РµС† "id" РЅРµ СЃСѓС‰РµСЃС‚РІСѓРµС‚ (СЃРёРјРІРѕР» 8)
2020-03-08 11:53:24.211 GMT [7372] РћРџР•Р РђРўРћР :  SELECT id, username, password, email INTO public.Users FROM User
2020-03-08 11:53:24.383 GMT [7372] РћРЁРР‘РљРђ:  СЃС‚РѕР»Р±РµС† "id" РЅРµ СЃСѓС‰РµСЃС‚РІСѓРµС‚ (СЃРёРјРІРѕР» 8)
2020-03-08 11:53:24.383 GMT [7372] РћРџР•Р РђРўРћР :  SELECT id, username, password, email INTO public.Users FROM User
2020-03-08 11:54:36.251 GMT [7372] РћРЁРР‘РљРђ:  РѕС‚РЅРѕС€РµРЅРёРµ "public.user" РЅРµ СЃСѓС‰РµСЃС‚РІСѓРµС‚ (СЃРёРјРІРѕР» 61)
2020-03-08 11:54:36.251 GMT [7372] РћРџР•Р РђРўРћР :  SELECT id, username, password, email INTO public.Users FROM public.User
2020-03-08 11:54:36.918 GMT [7372] РћРЁРР‘РљРђ:  РѕС‚РЅРѕС€РµРЅРёРµ "public.user" РЅРµ СЃСѓС‰РµСЃС‚РІСѓРµС‚ (СЃРёРјРІРѕР» 61)
2020-03-08 11:54:36.918 GMT [7372] РћРџР•Р РђРўРћР :  SELECT id, username, password, email INTO public.Users FROM public.User
2020-03-08 11:56:53.201 GMT [7372] РћРЁРР‘РљРђ:  РѕС‚РЅРѕС€РµРЅРёРµ "Users" СѓР¶Рµ СЃСѓС‰РµСЃС‚РІСѓРµС‚
2020-03-08 11:56:53.201 GMT [7372] РћРџР•Р РђРўРћР :  SELECT id, username, password, email INTO public."Users" FROM public."User"
2020-03-08 12:02:52.174 GMT [21168] РћРЁРР‘РљРђ:  СЃС‚РѕР»Р±РµС† "diamonddog" РЅРµ СЃСѓС‰РµСЃС‚РІСѓРµС‚ (СЃРёРјРІРѕР» 73)
2020-03-08 12:02:52.174 GMT [21168] РћРџР•Р РђРўРћР :  INSERT INTO public."Users"(
		id, username, password, email)
		VALUES (0, diamonddog, 123, ds@gmail.com);
2020-03-08 12:03:30.346 GMT [21168] РћРЁРР‘РљРђ:  СЃС‚РѕР»Р±РµС† "diamonddog" РЅРµ СЃСѓС‰РµСЃС‚РІСѓРµС‚ (СЃРёРјРІРѕР» 73)
2020-03-08 12:03:30.346 GMT [21168] РћРџР•Р РђРўРћР :  INSERT INTO public."Users"(
		id, username, password, email)
		VALUES (0, "diamonddog", "123", "ds@gmail.com");
2020-03-08 12:03:46.233 GMT [21168] РћРЁРР‘РљРђ:  СЃС‚РѕР»Р±РµС† "123" РЅРµ СЃСѓС‰РµСЃС‚РІСѓРµС‚ (СЃРёРјРІРѕР» 87)
2020-03-08 12:03:46.233 GMT [21168] РћРџР•Р РђРўРћР :  INSERT INTO public."Users"(
		id, username, password, email)
		VALUES (0, 'diamonddog', "123", "ds@gmail.com");
2020-03-08 12:03:47.114 GMT [21168] РћРЁРР‘РљРђ:  СЃС‚РѕР»Р±РµС† "123" РЅРµ СЃСѓС‰РµСЃС‚РІСѓРµС‚ (СЃРёРјРІРѕР» 87)
2020-03-08 12:03:47.114 GMT [21168] РћРџР•Р РђРўРћР :  INSERT INTO public."Users"(
		id, username, password, email)
		VALUES (0, 'diamonddog', "123", "ds@gmail.com");
2020-03-08 12:18:57.418 GMT [1180] РЎРћРћР‘Р©Р•РќРР•:  РЅРµ СѓРґР°Р»РѕСЃСЊ РїРѕР»СѓС‡РёС‚СЊ РґР°РЅРЅС‹Рµ РѕС‚ РєР»РёРµРЅС‚Р°: An existing connection was forcibly closed by the remote host.
	
2020-03-08 12:18:57.421 GMT [1552] РЎРћРћР‘Р©Р•РќРР•:  РЅРµ СѓРґР°Р»РѕСЃСЊ РїРѕР»СѓС‡РёС‚СЊ РґР°РЅРЅС‹Рµ РѕС‚ РєР»РёРµРЅС‚Р°: An existing connection was forcibly closed by the remote host.
	
2020-03-08 12:20:54.567 GMT [17272] ВАЖНО:  пользователь "diamo" не прошёл проверку подлинности (по паролю)
2020-03-08 12:20:54.567 GMT [17272] ПОДРОБНОСТИ:  Роль "diamo" не существует.
	Подключение соответствует строке 82 в pg_hba.conf: "host    all             all             ::1/128                 md5"
2020-03-08 12:21:03.491 GMT [3924] ВАЖНО:  пользователь "diamo" не прошёл проверку подлинности (по паролю)
2020-03-08 12:21:03.491 GMT [3924] ПОДРОБНОСТИ:  Роль "diamo" не существует.
	Подключение соответствует строке 82 в pg_hba.conf: "host    all             all             ::1/128                 md5"
2020-03-08 12:21:06.276 GMT [21140] ВАЖНО:  пользователь "diamo" не прошёл проверку подлинности (по паролю)
2020-03-08 12:21:06.276 GMT [21140] ПОДРОБНОСТИ:  Роль "diamo" не существует.
	Подключение соответствует строке 82 в pg_hba.conf: "host    all             all             ::1/128                 md5"
2020-03-08 12:21:07.007 GMT [14340] ВАЖНО:  пользователь "diamo" не прошёл проверку подлинности (по паролю)
2020-03-08 12:21:07.007 GMT [14340] ПОДРОБНОСТИ:  Роль "diamo" не существует.
	Подключение соответствует строке 82 в pg_hba.conf: "host    all             all             ::1/128                 md5"
2020-03-08 12:24:28.526 GMT [2836] ВАЖНО:  пользователь "diamo" не прошёл проверку подлинности (по паролю)
2020-03-08 12:24:28.526 GMT [2836] ПОДРОБНОСТИ:  Роль "diamo" не существует.
	Подключение соответствует строке 82 в pg_hba.conf: "host    all             all             ::1/128                 md5"
2020-03-08 12:24:42.574 GMT [5928] ВАЖНО:  пользователь "diamo" не прошёл проверку подлинности (по паролю)
2020-03-08 12:24:42.574 GMT [5928] ПОДРОБНОСТИ:  Роль "diamo" не существует.
	Подключение соответствует строке 82 в pg_hba.conf: "host    all             all             ::1/128                 md5"
2020-03-08 12:29:40.506 GMT [15796] СООБЩЕНИЕ:  получен запрос на быстрое выключение
2020-03-08 12:29:40.509 GMT [10888] ОШИБКА:  выполнение оператора отменено по запросу пользователя
2020-03-08 12:29:40.510 GMT [15796] СООБЩЕНИЕ:  прерывание всех активных транзакций
2020-03-08 12:29:40.525 GMT [15796] СООБЩЕНИЕ:  фоновый процесс "logical replication launcher" (PID 10888) завершился с кодом выхода 1
2020-03-08 12:29:40.530 GMT [14840] СООБЩЕНИЕ:  выключение
2020-03-08 12:29:40.588 GMT [15796] СООБЩЕНИЕ:  система БД выключена
