2020-04-20 05:01:32.706 GMT [496] СООБЩЕНИЕ:  система БД была выключена: 2020-04-20 05:01:30 GMT
2020-04-20 05:01:32.721 GMT [9236] СООБЩЕНИЕ:  система БД готова принимать подключения
2020-04-20 05:01:40.157 GMT [6004] ВАЖНО:  в pg_hba.conf нет записи для компьютера "192.168.1.21", пользователя "postgres", базы "how_to_build", SSL выкл.
2020-04-20 05:01:40.189 GMT [12300] ВАЖНО:  в pg_hba.conf нет записи для компьютера "192.168.1.21", пользователя "postgres", базы "how_to_build", SSL выкл.
2020-04-20 05:02:47.993 GMT [9236] СООБЩЕНИЕ:  процесс сервера (PID 11592) был прерван исключением 0xC000013A
2020-04-20 05:02:47.993 GMT [9236] ПОДРОБНОСТИ:  Завершившийся процесс выполнял действие: /*pga4dash*/
	SELECT 'session_stats' AS chart_name, row_to_json(t) AS chart_data
	FROM (SELECT
	   (SELECT count(*) FROM pg_stat_activity WHERE datname = (SELECT datname FROM pg_database WHERE oid = 74460)) AS "Total",
	   (SELECT count(*) FROM pg_stat_activity WHERE state = 'active' AND datname = (SELECT datname FROM pg_database WHERE oid = 74460))  AS "Active",
	   (SELECT count(*) FROM pg_stat_activity WHERE state = 'idle' AND datname = (SELECT datname FROM pg_database WHERE oid = 74460))  AS "Idle"
	) t
	UNION ALL
	SELECT 'tps_stats' AS chart_name, row_to_json(t) AS chart_data
	FROM (SELECT
	   (SELECT sum(xact_commit) + sum(xact_rollback) FROM pg_stat_database WHERE datname = (SELECT datname FROM pg_database WHERE oid = 74460)) AS "Transactions",
	   (SELECT sum(xact_commit) FROM pg_stat_database WHERE datname = (SELECT datname FROM pg_database WHERE oid = 74460)) AS "Commits",
	   (SELECT sum(xact_rollback) FROM pg_stat_database WHERE datname = (SELECT datname FROM pg_database WHERE oid = 74460)) AS "Rollbacks"
	) 
2020-04-20 05:02:47.993 GMT [9236] ПОДСКАЗКА:  Описание этого шестнадцатеричного значения ищите во включаемом C-файле "ntstatus.h"
2020-04-20 05:02:47.993 GMT [9236] СООБЩЕНИЕ:  завершение всех остальных активных серверных процессов
2020-04-20 05:02:47.996 GMT [9236] СООБЩЕНИЕ:  процесс сбора статистики (PID 12668) был прерван исключением 0xC000013A
2020-04-20 05:02:47.996 GMT [9236] ПОДСКАЗКА:  Описание этого шестнадцатеричного значения ищите во включаемом C-файле "ntstatus.h"
2020-04-20 05:02:47.998 GMT [9236] СООБЩЕНИЕ:  все серверные процессы завершены... переинициализация
2020-04-20 05:02:48.025 GMT [12488] СООБЩЕНИЕ:  работа системы БД была прервана; последний момент работы: 2020-04-20 05:01:32 GMT
2020-04-20 05:02:48.484 GMT [12488] СООБЩЕНИЕ:  система БД была остановлена нештатно; производится автоматическое восстановление
2020-04-20 05:02:48.487 GMT [12488] СООБЩЕНИЕ:  запись REDO начинается со смещения 0/36EE078
2020-04-20 05:02:48.487 GMT [12488] СООБЩЕНИЕ:  неверная длина записи по смещению 0/36EE0B0: ожидалось 24, получено 0
2020-04-20 05:02:48.487 GMT [12488] СООБЩЕНИЕ:  записи REDO обработаны до смещения 0/36EE078
2020-04-20 05:02:48.509 GMT [9236] СООБЩЕНИЕ:  система БД готова принимать подключения
2020-04-20 05:02:48.515 GMT [6236] ВАЖНО:  система баз данных в режиме восстановления
2020-04-20 05:02:49.795 GMT [9236] СООБЩЕНИЕ:  получен запрос на быстрое выключение
2020-04-20 05:02:49.799 GMT [9236] СООБЩЕНИЕ:  прерывание всех активных транзакций
2020-04-20 05:02:49.799 GMT [7872] Р’РђР–РќРћ:  Р·Р°РєСЂС‹С‚РёРµ РїРѕРґРєР»СЋС‡РµРЅРёСЏ РїРѕ РєРѕРјР°РЅРґРµ Р°РґРјРёРЅРёСЃС‚СЂР°С‚РѕСЂР°
2020-04-20 05:02:49.801 GMT [9236] СООБЩЕНИЕ:  фоновый процесс "logical replication launcher" (PID 10476) завершился с кодом выхода 1
2020-04-20 05:02:49.804 GMT [11440] СООБЩЕНИЕ:  выключение
2020-04-20 05:02:49.821 GMT [9236] СООБЩЕНИЕ:  система БД выключена
