2020-04-02 04:46:36.356 GMT [1004] СООБЩЕНИЕ:  работа системы БД была прервана; последний момент работы: 2020-04-01 09:11:08 GMT
2020-04-02 04:46:36.822 GMT [1004] СООБЩЕНИЕ:  система БД была остановлена нештатно; производится автоматическое восстановление
2020-04-02 04:46:36.825 GMT [1004] СООБЩЕНИЕ:  запись REDO начинается со смещения 0/2BCEDA8
2020-04-02 04:46:36.825 GMT [1004] СООБЩЕНИЕ:  неверная длина записи по смещению 0/2BCEE90: ожидалось 24, получено 0
2020-04-02 04:46:36.825 GMT [1004] СООБЩЕНИЕ:  записи REDO обработаны до смещения 0/2BCEE58
2020-04-02 04:46:36.848 GMT [5512] СООБЩЕНИЕ:  система БД готова принимать подключения
2020-04-02 05:11:18.734 GMT [12256] РћРЁРР‘РљРђ:  СѓРґР°Р»РёС‚СЊ РѕР±СЉРµРєС‚ С‚Р°Р±Р»РёС†Р° testing.answer_groups РЅРµР»СЊР·СЏ, С‚Р°Рє РєР°Рє РѕС‚ РЅРµРіРѕ Р·Р°РІРёСЃСЏС‚ РґСЂСѓРіРёРµ РѕР±СЉРµРєС‚С‹
2020-04-02 05:11:18.734 GMT [12256] РџРћР”Р РћР‘РќРћРЎРўР:  РѕРіСЂР°РЅРёС‡РµРЅРёРµ groups_answers_in_groups_fkey РІ РѕС‚РЅРѕС€РµРЅРёРё С‚Р°Р±Р»РёС†Р° testing.answers_in_groups Р·Р°РІРёСЃРёС‚ РѕС‚ РѕР±СЉРµРєС‚Р° С‚Р°Р±Р»РёС†Р° testing.answer_groups
	РѕРіСЂР°РЅРёС‡РµРЅРёРµ answer_groups_in_tests_answer_groups_fkey РІ РѕС‚РЅРѕС€РµРЅРёРё С‚Р°Р±Р»РёС†Р° testing.answer_groups_in_tests Р·Р°РІРёСЃРёС‚ РѕС‚ РѕР±СЉРµРєС‚Р° С‚Р°Р±Р»РёС†Р° testing.answer_groups
2020-04-02 05:11:18.734 GMT [12256] РџРћР”РЎРљРђР—РљРђ:  Р”Р»СЏ СѓРґР°Р»РµРЅРёСЏ Р·Р°РІРёСЃРёРјС‹С… РѕР±СЉРµРєС‚РѕРІ РёСЃРїРѕР»СЊР·СѓР№С‚Рµ DROP ... CASCADE.
2020-04-02 05:11:18.734 GMT [12256] РћРџР•Р РђРўРћР :  DROP TABLE testing.answer_groups;
2020-04-02 05:11:52.479 GMT [12256] РћРЁРР‘РљРђ:  СѓРґР°Р»РёС‚СЊ РѕР±СЉРµРєС‚ СЃС…РµРјР° testing РЅРµР»СЊР·СЏ, С‚Р°Рє РєР°Рє РѕС‚ РЅРµРіРѕ Р·Р°РІРёСЃСЏС‚ РґСЂСѓРіРёРµ РѕР±СЉРµРєС‚С‹
2020-04-02 05:11:52.479 GMT [12256] РџРћР”Р РћР‘РќРћРЎРўР:  С‚Р°Р±Р»РёС†Р° testing.tests Р·Р°РІРёСЃРёС‚ РѕС‚ РѕР±СЉРµРєС‚Р° СЃС…РµРјР° testing
	С‚Р°Р±Р»РёС†Р° testing.questions Р·Р°РІРёСЃРёС‚ РѕС‚ РѕР±СЉРµРєС‚Р° СЃС…РµРјР° testing
	С‚Р°Р±Р»РёС†Р° testing.question_types Р·Р°РІРёСЃРёС‚ РѕС‚ РѕР±СЉРµРєС‚Р° СЃС…РµРјР° testing
	С‚Р°Р±Р»РёС†Р° testing.questions_in_tests Р·Р°РІРёСЃРёС‚ РѕС‚ РѕР±СЉРµРєС‚Р° СЃС…РµРјР° testing
	С‚Р°Р±Р»РёС†Р° testing.test_json Р·Р°РІРёСЃРёС‚ РѕС‚ РѕР±СЉРµРєС‚Р° СЃС…РµРјР° testing
	С‚Р°Р±Р»РёС†Р° testing.answer_groups Р·Р°РІРёСЃРёС‚ РѕС‚ РѕР±СЉРµРєС‚Р° СЃС…РµРјР° testing
	С‚Р°Р±Р»РёС†Р° testing.interpretation_methods Р·Р°РІРёСЃРёС‚ РѕС‚ РѕР±СЉРµРєС‚Р° СЃС…РµРјР° testing
	С‚Р°Р±Р»РёС†Р° testing.answer_groups_in_tests Р·Р°РІРёСЃРёС‚ РѕС‚ РѕР±СЉРµРєС‚Р° СЃС…РµРјР° testing
2020-04-02 05:11:52.479 GMT [12256] РџРћР”РЎРљРђР—РљРђ:  Р”Р»СЏ СѓРґР°Р»РµРЅРёСЏ Р·Р°РІРёСЃРёРјС‹С… РѕР±СЉРµРєС‚РѕРІ РёСЃРїРѕР»СЊР·СѓР№С‚Рµ DROP ... CASCADE.
2020-04-02 05:11:52.479 GMT [12256] РћРџР•Р РђРўРћР :  DROP SCHEMA testing ;
2020-04-02 12:13:01.586 GMT [5512] СООБЩЕНИЕ:  получен запрос на быстрое выключение
2020-04-02 12:13:01.588 GMT [5512] СООБЩЕНИЕ:  прерывание всех активных транзакций
2020-04-02 12:13:01.589 GMT [9924] Р’РђР–РќРћ:  Р·Р°РєСЂС‹С‚РёРµ РїРѕРґРєР»СЋС‡РµРЅРёСЏ РїРѕ РєРѕРјР°РЅРґРµ Р°РґРјРёРЅРёСЃС‚СЂР°С‚РѕСЂР°
2020-04-02 12:13:01.589 GMT [12256] Р’РђР–РќРћ:  Р·Р°РєСЂС‹С‚РёРµ РїРѕРґРєР»СЋС‡РµРЅРёСЏ РїРѕ РєРѕРјР°РЅРґРµ Р°РґРјРёРЅРёСЃС‚СЂР°С‚РѕСЂР°
2020-04-02 12:13:01.593 GMT [5512] СООБЩЕНИЕ:  фоновый процесс "logical replication launcher" (PID 12252) завершился с кодом выхода 1
2020-04-02 12:13:01.600 GMT [7008] СООБЩЕНИЕ:  выключение
2020-04-02 12:13:01.618 GMT [5512] СООБЩЕНИЕ:  система БД выключена
