2020-04-21 05:26:42.875 GMT [12948] СООБЩЕНИЕ:  система БД была выключена: 2020-04-21 05:26:32 GMT
2020-04-21 05:26:42.876 GMT [5780] ВАЖНО:  система баз данных запускается
2020-04-21 05:26:42.892 GMT [10720] СООБЩЕНИЕ:  система БД готова принимать подключения
2020-04-21 05:26:42.924 GMT [3896] ВАЖНО:  система баз данных запускается
2020-04-21 05:30:17.850 GMT [6572] ВАЖНО:  база данных "how_to_study" не существует
2020-04-21 05:30:21.698 GMT [4108] ВАЖНО:  база данных "how_to_study" не существует
2020-04-21 05:30:27.628 GMT [14100] ВАЖНО:  база данных "how_to_study" не существует
2020-04-21 05:32:35.445 GMT [3260] ВАЖНО:  база данных "how_to_study" не существует
2020-04-21 05:32:39.931 GMT [12196] ВАЖНО:  база данных "how_to_study" не существует
2020-04-21 05:32:42.422 GMT [6384] ВАЖНО:  база данных "how_to_study" не существует
2020-04-21 05:33:16.424 GMT [8752] ВАЖНО:  база данных "how_to_study" не существует
2020-04-21 05:33:19.430 GMT [8988] ВАЖНО:  база данных "how_to_study" не существует
2020-04-21 05:33:20.099 GMT [12024] ВАЖНО:  база данных "how_to_study" не существует
2020-04-21 05:33:24.827 GMT [6372] ВАЖНО:  база данных "how_to_study" не существует
2020-04-21 05:33:36.181 GMT [10012] ВАЖНО:  база данных "how_to_study" не существует
2020-04-21 05:33:38.177 GMT [10204] ВАЖНО:  база данных "how_to_study" не существует
2020-04-21 05:33:38.673 GMT [6628] ВАЖНО:  база данных "how_to_study" не существует
2020-04-21 05:33:39.001 GMT [10452] ВАЖНО:  база данных "how_to_study" не существует
2020-04-21 05:33:40.381 GMT [12516] ВАЖНО:  база данных "how_to_study" не существует
2020-04-21 05:33:40.655 GMT [10164] ВАЖНО:  база данных "how_to_study" не существует
2020-04-21 05:33:40.832 GMT [424] ВАЖНО:  база данных "how_to_study" не существует
2020-04-21 05:33:41.006 GMT [6892] ВАЖНО:  база данных "how_to_study" не существует
2020-04-21 05:33:41.172 GMT [1784] ВАЖНО:  база данных "how_to_study" не существует
2020-04-21 05:33:41.347 GMT [6208] ВАЖНО:  база данных "how_to_study" не существует
2020-04-21 05:34:04.926 GMT [10720] СООБЩЕНИЕ:  процесс записи WAL (PID 6600) завершился с кодом выхода 1
2020-04-21 05:34:04.926 GMT [10720] СООБЩЕНИЕ:  завершение всех остальных активных серверных процессов
2020-04-21 05:34:04.930 GMT [13200] ПРЕДУПРЕЖДЕНИЕ:  закрытие подключения из-за краха другого серверного процесса
2020-04-21 05:34:04.930 GMT [13200] ПОДРОБНОСТИ:  Управляющий процесс отдал команду этому серверному процессу откатить текущую транзакцию и завершиться, так как другой серверный процесс завершился аварийно и возможно разрушил разделяемую память.
2020-04-21 05:34:04.930 GMT [13200] ПОДСКАЗКА:  Вы сможете переподключиться к базе данных и повторить вашу команду сию минуту.
2020-04-21 05:34:04.933 GMT [10720] СООБЩЕНИЕ:  все серверные процессы завершены... переинициализация
2020-04-21 05:34:04.959 GMT [5592] СООБЩЕНИЕ:  работа системы БД была прервана; последний момент работы: 2020-04-21 05:31:42 GMT
2020-04-21 05:34:05.365 GMT [5592] СООБЩЕНИЕ:  система БД была остановлена нештатно; производится автоматическое восстановление
2020-04-21 05:34:05.368 GMT [5592] СООБЩЕНИЕ:  запись REDO начинается со смещения 0/373ADC8
2020-04-21 05:34:05.368 GMT [5592] СООБЩЕНИЕ:  неверная длина записи по смещению 0/373AEB0: ожидалось 24, получено 0
2020-04-21 05:34:05.368 GMT [5592] СООБЩЕНИЕ:  записи REDO обработаны до смещения 0/373AE78
2020-04-21 05:34:05.390 GMT [10720] СООБЩЕНИЕ:  система БД готова принимать подключения
2020-04-21 05:34:09.430 GMT [10720] СООБЩЕНИЕ:  процесс записи WAL (PID 420) завершился с кодом выхода 1
2020-04-21 05:34:09.430 GMT [10720] СООБЩЕНИЕ:  завершение всех остальных активных серверных процессов
2020-04-21 05:34:09.434 GMT [3836] ПРЕДУПРЕЖДЕНИЕ:  закрытие подключения из-за краха другого серверного процесса
2020-04-21 05:34:09.434 GMT [3836] ПОДРОБНОСТИ:  Управляющий процесс отдал команду этому серверному процессу откатить текущую транзакцию и завершиться, так как другой серверный процесс завершился аварийно и возможно разрушил разделяемую память.
2020-04-21 05:34:09.434 GMT [3836] ПОДСКАЗКА:  Вы сможете переподключиться к базе данных и повторить вашу команду сию минуту.
2020-04-21 05:34:09.437 GMT [10720] СООБЩЕНИЕ:  все серверные процессы завершены... переинициализация
2020-04-21 05:34:09.462 GMT [4464] СООБЩЕНИЕ:  работа системы БД была прервана; последний момент работы: 2020-04-21 05:34:05 GMT
2020-04-21 05:34:09.815 GMT [4464] СООБЩЕНИЕ:  система БД была остановлена нештатно; производится автоматическое восстановление
2020-04-21 05:34:09.818 GMT [4464] СООБЩЕНИЕ:  неверная длина записи по смещению 0/373AF28: ожидалось 24, получено 0
2020-04-21 05:34:09.818 GMT [4464] СООБЩЕНИЕ:  данные REDO не требуются
2020-04-21 05:34:09.839 GMT [10720] СООБЩЕНИЕ:  система БД готова принимать подключения
2020-04-21 05:34:11.037 GMT [10720] СООБЩЕНИЕ:  процесс контрольных точек (PID 13804) завершился с кодом выхода 1
2020-04-21 05:34:11.037 GMT [10720] СООБЩЕНИЕ:  завершение всех остальных активных серверных процессов
2020-04-21 05:34:11.041 GMT [4416] ПРЕДУПРЕЖДЕНИЕ:  закрытие подключения из-за краха другого серверного процесса
2020-04-21 05:34:11.041 GMT [4416] ПОДРОБНОСТИ:  Управляющий процесс отдал команду этому серверному процессу откатить текущую транзакцию и завершиться, так как другой серверный процесс завершился аварийно и возможно разрушил разделяемую память.
2020-04-21 05:34:11.041 GMT [4416] ПОДСКАЗКА:  Вы сможете переподключиться к базе данных и повторить вашу команду сию минуту.
2020-04-21 05:34:11.044 GMT [10720] СООБЩЕНИЕ:  все серверные процессы завершены... переинициализация
2020-04-21 05:34:11.070 GMT [10380] СООБЩЕНИЕ:  работа системы БД была прервана; последний момент работы: 2020-04-21 05:34:09 GMT
2020-04-21 05:34:11.425 GMT [10380] СООБЩЕНИЕ:  система БД была остановлена нештатно; производится автоматическое восстановление
2020-04-21 05:34:11.427 GMT [10380] СООБЩЕНИЕ:  неверная длина записи по смещению 0/373AFA0: ожидалось 24, получено 0
2020-04-21 05:34:11.427 GMT [10380] СООБЩЕНИЕ:  данные REDO не требуются
2020-04-21 05:34:11.449 GMT [10720] СООБЩЕНИЕ:  система БД готова принимать подключения
