2020-04-16 08:40:23.344 GMT [10060] СООБЩЕНИЕ:  система БД была выключена: 2020-04-16 08:39:40 GMT
2020-04-16 08:40:23.361 GMT [14580] СООБЩЕНИЕ:  система БД готова принимать подключения
2020-04-16 08:42:47.697 GMT [14340] РћРЁРР‘РљРђ:  РѕС€РёР±РєР° СЃРёРЅС‚Р°РєСЃРёСЃР° (РїСЂРёРјРµСЂРЅРѕРµ РїРѕР»РѕР¶РµРЅРёРµ: "[") (СЃРёРјРІРѕР» 15)
2020-04-16 08:42:47.697 GMT [14340] РћРџР•Р РђРўРћР :  DROP DATABASE [IF EXISTS] how_to_study;
2020-04-16 08:42:48.468 GMT [14340] РћРЁРР‘РљРђ:  РѕС€РёР±РєР° СЃРёРЅС‚Р°РєСЃРёСЃР° (РїСЂРёРјРµСЂРЅРѕРµ РїРѕР»РѕР¶РµРЅРёРµ: "[") (СЃРёРјРІРѕР» 15)
2020-04-16 08:42:48.468 GMT [14340] РћРџР•Р РђРўРћР :  DROP DATABASE [IF EXISTS] how_to_study;
2020-04-16 08:42:51.801 GMT [14340] РћРЁРР‘РљРђ:  СѓРґР°Р»РёС‚СЊ Р±Р°Р·Сѓ РґР°РЅРЅС‹С…, РѕС‚РєСЂС‹С‚СѓСЋ РІ РґР°РЅРЅС‹Р№ РјРѕРјРµРЅС‚, РЅРµР»СЊР·СЏ
2020-04-16 08:42:51.801 GMT [14340] РћРџР•Р РђРўРћР :  DROP DATABASE how_to_study;
2020-04-16 08:42:56.968 GMT [14340] РћРЁРР‘РљРђ:  СѓРґР°Р»РёС‚СЊ Р±Р°Р·Сѓ РґР°РЅРЅС‹С…, РѕС‚РєСЂС‹С‚СѓСЋ РІ РґР°РЅРЅС‹Р№ РјРѕРјРµРЅС‚, РЅРµР»СЊР·СЏ
2020-04-16 08:42:56.968 GMT [14340] РћРџР•Р РђРўРћР :  DROP DATABASE how_to_study;
2020-04-16 10:13:52.813 GMT [4944] РћРЁРР‘РљРђ:  СЃС‚РѕР»Р±РµС† "token_id" СЃРѕРґРµСЂР¶РёС‚ Р·РЅР°С‡РµРЅРёСЏ NULL
2020-04-16 10:13:52.813 GMT [4944] РћРџР•Р РђРўРћР :  ALTER TABLE public.users
	    ALTER COLUMN token_id SET DEFAULT nextval('users_id_seq'::regclass);
	
	ALTER TABLE public.users
	    ALTER COLUMN token_id SET NOT NULL;
2020-04-16 10:13:56.740 GMT [4944] РћРЁРР‘РљРђ:  СЃС‚РѕР»Р±РµС† "token_id" СЃРѕРґРµСЂР¶РёС‚ Р·РЅР°С‡РµРЅРёСЏ NULL
2020-04-16 10:13:56.740 GMT [4944] РћРџР•Р РђРўРћР :  ALTER TABLE public.users
	    ALTER COLUMN token_id SET DEFAULT nextval('users_id_seq'::regclass);
	
	ALTER TABLE public.users
	    ALTER COLUMN token_id SET NOT NULL;
2020-04-16 10:41:40.998 GMT [6412] РћРЁРР‘РљРђ:  Р·РЅР°С‡РµРЅРёРµ РЅРµ СѓРјРµС‰Р°РµС‚СЃСЏ РІ С‚РёРї character(1)
2020-04-16 10:41:40.998 GMT [6412] РћРџР•Р РђРўРћР :  INSERT INTO public.roles (value)
		VALUES ($1)
	RETURNING *
2020-04-16 10:42:02.043 GMT [6412] РћРЁРР‘РљРђ:  Р·РЅР°С‡РµРЅРёРµ РЅРµ СѓРјРµС‰Р°РµС‚СЃСЏ РІ С‚РёРї character varying(1)
2020-04-16 10:42:02.043 GMT [6412] РћРџР•Р РђРўРћР :  INSERT INTO public.roles (value)
		VALUES ($1)
	RETURNING *
2020-04-16 10:42:04.556 GMT [6412] РћРЁРР‘РљРђ:  Р·РЅР°С‡РµРЅРёРµ РЅРµ СѓРјРµС‰Р°РµС‚СЃСЏ РІ С‚РёРї character varying(1)
2020-04-16 10:42:04.556 GMT [6412] РћРџР•Р РђРўРћР :  INSERT INTO public.roles (value)
		VALUES ($1)
	RETURNING *
2020-04-16 10:46:30.759 GMT [14580] СООБЩЕНИЕ:  получен запрос на быстрое выключение
2020-04-16 10:46:30.763 GMT [14580] СООБЩЕНИЕ:  прерывание всех активных транзакций
2020-04-16 10:46:30.764 GMT [4944] Р’РђР–РќРћ:  Р·Р°РєСЂС‹С‚РёРµ РїРѕРґРєР»СЋС‡РµРЅРёСЏ РїРѕ РєРѕРјР°РЅРґРµ Р°РґРјРёРЅРёСЃС‚СЂР°С‚РѕСЂР°
2020-04-16 10:46:30.764 GMT [14624] Р’РђР–РќРћ:  Р·Р°РєСЂС‹С‚РёРµ РїРѕРґРєР»СЋС‡РµРЅРёСЏ РїРѕ РєРѕРјР°РЅРґРµ Р°РґРјРёРЅРёСЃС‚СЂР°С‚РѕСЂР°
2020-04-16 10:46:30.768 GMT [14580] СООБЩЕНИЕ:  фоновый процесс "logical replication launcher" (PID 3272) завершился с кодом выхода 1
2020-04-16 10:46:30.772 GMT [7464] СООБЩЕНИЕ:  выключение
2020-04-16 10:46:30.788 GMT [14580] СООБЩЕНИЕ:  система БД выключена
