2020-04-13 04:00:09.239 GMT [12268] СООБЩЕНИЕ:  работа системы БД была прервана; последний момент работы: 2020-04-12 19:52:20 GMT
2020-04-13 04:00:09.806 GMT [12268] СООБЩЕНИЕ:  система БД была остановлена нештатно; производится автоматическое восстановление
2020-04-13 04:00:09.808 GMT [12268] СООБЩЕНИЕ:  запись REDO начинается со смещения 0/33896C8
2020-04-13 04:00:09.809 GMT [12268] СООБЩЕНИЕ:  неверная длина записи по смещению 0/33897B0: ожидалось 24, получено 0
2020-04-13 04:00:09.809 GMT [12268] СООБЩЕНИЕ:  записи REDO обработаны до смещения 0/3389778
2020-04-13 04:00:09.891 GMT [12200] СООБЩЕНИЕ:  система БД готова принимать подключения
2020-04-13 04:06:28.271 GMT [8676] РЎРћРћР‘Р©Р•РќРР•:  РЅРµ СѓРґР°Р»РѕСЃСЊ РїРѕР»СѓС‡РёС‚СЊ РґР°РЅРЅС‹Рµ РѕС‚ РєР»РёРµРЅС‚Р°: An existing connection was forcibly closed by the remote host.
	
2020-04-13 04:06:28.271 GMT [10024] РЎРћРћР‘Р©Р•РќРР•:  РЅРµ СѓРґР°Р»РѕСЃСЊ РїРѕР»СѓС‡РёС‚СЊ РґР°РЅРЅС‹Рµ РѕС‚ РєР»РёРµРЅС‚Р°: An existing connection was forcibly closed by the remote host.
	
2020-04-13 06:16:45.761 GMT [9076] РЎРћРћР‘Р©Р•РќРР•:  РЅРµ СѓРґР°Р»РѕСЃСЊ РїРѕР»СѓС‡РёС‚СЊ РґР°РЅРЅС‹Рµ РѕС‚ РєР»РёРµРЅС‚Р°: An existing connection was forcibly closed by the remote host.
	
2020-04-13 06:29:21.037 GMT [3248] РЎРћРћР‘Р©Р•РќРР•:  РЅРµ СѓРґР°Р»РѕСЃСЊ РїРѕР»СѓС‡РёС‚СЊ РґР°РЅРЅС‹Рµ РѕС‚ РєР»РёРµРЅС‚Р°: An existing connection was forcibly closed by the remote host.
	
2020-04-13 06:29:21.037 GMT [14996] РЎРћРћР‘Р©Р•РќРР•:  РЅРµ СѓРґР°Р»РѕСЃСЊ РїРѕР»СѓС‡РёС‚СЊ РґР°РЅРЅС‹Рµ РѕС‚ РєР»РёРµРЅС‚Р°: An existing connection was forcibly closed by the remote host.
	
2020-04-13 08:13:34.024 GMT [3824] РћРЁРР‘РљРђ:  РЅСѓР»РµРІРѕРµ Р·РЅР°С‡РµРЅРёРµ РІ СЃС‚РѕР»Р±С†Рµ "id" РЅР°СЂСѓС€Р°РµС‚ РѕРіСЂР°РЅРёС‡РµРЅРёРµ NOT NULL
2020-04-13 08:13:34.024 GMT [3824] РџРћР”Р РћР‘РќРћРЎРўР:  РћС€РёР±РѕС‡РЅР°СЏ СЃС‚СЂРѕРєР° СЃРѕРґРµСЂР¶РёС‚ (null, null, null).
2020-04-13 08:13:34.024 GMT [3824] РћРџР•Р РђРўРћР :  INSERT INTO public.tests_in_categories (id,test_id,category_id)
		VALUES ($1,$2,$3)
	RETURNING *
2020-04-13 08:13:40.664 GMT [3824] РћРЁРР‘РљРђ:  РЅСѓР»РµРІРѕРµ Р·РЅР°С‡РµРЅРёРµ РІ СЃС‚РѕР»Р±С†Рµ "id" РЅР°СЂСѓС€Р°РµС‚ РѕРіСЂР°РЅРёС‡РµРЅРёРµ NOT NULL
2020-04-13 08:13:40.664 GMT [3824] РџРћР”Р РћР‘РќРћРЎРўР:  РћС€РёР±РѕС‡РЅР°СЏ СЃС‚СЂРѕРєР° СЃРѕРґРµСЂР¶РёС‚ (null, null, null).
2020-04-13 08:13:40.664 GMT [3824] РћРџР•Р РђРўРћР :  INSERT INTO public.tests_in_categories (id,test_id,category_id)
		VALUES ($1,$2,$3)
	RETURNING *
2020-04-13 08:13:44.899 GMT [3824] РћРЁРР‘РљРђ:  РЅСѓР»РµРІРѕРµ Р·РЅР°С‡РµРЅРёРµ РІ СЃС‚РѕР»Р±С†Рµ "id" РЅР°СЂСѓС€Р°РµС‚ РѕРіСЂР°РЅРёС‡РµРЅРёРµ NOT NULL
2020-04-13 08:13:44.899 GMT [3824] РџРћР”Р РћР‘РќРћРЎРўР:  РћС€РёР±РѕС‡РЅР°СЏ СЃС‚СЂРѕРєР° СЃРѕРґРµСЂР¶РёС‚ (null, null, null).
2020-04-13 08:13:44.899 GMT [3824] РћРџР•Р РђРўРћР :  INSERT INTO public.tests_in_categories (id,test_id,category_id)
		VALUES ($1,$2,$3)
	RETURNING *
2020-04-13 08:39:16.334 GMT [8176] РЎРћРћР‘Р©Р•РќРР•:  РЅРµ СѓРґР°Р»РѕСЃСЊ РїРѕР»СѓС‡РёС‚СЊ РґР°РЅРЅС‹Рµ РѕС‚ РєР»РёРµРЅС‚Р°: An existing connection was forcibly closed by the remote host.
	
2020-04-13 08:39:16.334 GMT [10204] РЎРћРћР‘Р©Р•РќРР•:  РЅРµ СѓРґР°Р»РѕСЃСЊ РїРѕР»СѓС‡РёС‚СЊ РґР°РЅРЅС‹Рµ РѕС‚ РєР»РёРµРЅС‚Р°: An existing connection was forcibly closed by the remote host.
	
2020-04-13 08:39:16.334 GMT [14748] РЎРћРћР‘Р©Р•РќРР•:  РЅРµ СѓРґР°Р»РѕСЃСЊ РїРѕР»СѓС‡РёС‚СЊ РґР°РЅРЅС‹Рµ РѕС‚ РєР»РёРµРЅС‚Р°: An existing connection was forcibly closed by the remote host.
	
2020-04-13 08:39:16.335 GMT [10204] РЎРћРћР‘Р©Р•РќРР•:  РЅРµРѕР¶РёРґР°РЅРЅС‹Р№ РѕР±СЂС‹РІ СЃРѕРµРґРёРЅРµРЅРёСЏ СЃ РєР»РёРµРЅС‚РѕРј РїСЂРё РѕС‚РєСЂС‹С‚РѕР№ С‚СЂР°РЅР·Р°РєС†РёРё
