2020-04-08 06:46:16.768 GMT [8468] СООБЩЕНИЕ:  система БД была выключена: 2020-04-07 11:30:57 GMT
2020-04-08 06:46:16.785 GMT [11292] СООБЩЕНИЕ:  система БД готова принимать подключения
2020-04-08 12:41:20.896 GMT [12312] РЎРћРћР‘Р©Р•РќРР•:  РЅРµ СѓРґР°Р»РѕСЃСЊ РїРѕР»СѓС‡РёС‚СЊ РґР°РЅРЅС‹Рµ РѕС‚ РєР»РёРµРЅС‚Р°: An existing connection was forcibly closed by the remote host.
	
2020-04-08 12:41:20.896 GMT [7196] РЎРћРћР‘Р©Р•РќРР•:  РЅРµ СѓРґР°Р»РѕСЃСЊ РїРѕР»СѓС‡РёС‚СЊ РґР°РЅРЅС‹Рµ РѕС‚ РєР»РёРµРЅС‚Р°: An existing connection was forcibly closed by the remote host.
	
2020-04-08 12:41:20.896 GMT [3592] РЎРћРћР‘Р©Р•РќРР•:  РЅРµ СѓРґР°Р»РѕСЃСЊ РїРѕР»СѓС‡РёС‚СЊ РґР°РЅРЅС‹Рµ РѕС‚ РєР»РёРµРЅС‚Р°: An existing connection was forcibly closed by the remote host.
	
2020-04-08 12:41:20.896 GMT [15092] РЎРћРћР‘Р©Р•РќРР•:  РЅРµ СѓРґР°Р»РѕСЃСЊ РїРѕР»СѓС‡РёС‚СЊ РґР°РЅРЅС‹Рµ РѕС‚ РєР»РёРµРЅС‚Р°: An existing connection was forcibly closed by the remote host.
	
2020-04-08 12:41:20.896 GMT [8840] РЎРћРћР‘Р©Р•РќРР•:  РЅРµ СѓРґР°Р»РѕСЃСЊ РїРѕР»СѓС‡РёС‚СЊ РґР°РЅРЅС‹Рµ РѕС‚ РєР»РёРµРЅС‚Р°: An existing connection was forcibly closed by the remote host.
	
2020-04-08 12:41:20.896 GMT [15112] РЎРћРћР‘Р©Р•РќРР•:  РЅРµ СѓРґР°Р»РѕСЃСЊ РїРѕР»СѓС‡РёС‚СЊ РґР°РЅРЅС‹Рµ РѕС‚ РєР»РёРµРЅС‚Р°: An existing connection was forcibly closed by the remote host.
	
2020-04-08 12:41:20.896 GMT [2568] РЎРћРћР‘Р©Р•РќРР•:  РЅРµ СѓРґР°Р»РѕСЃСЊ РїРѕР»СѓС‡РёС‚СЊ РґР°РЅРЅС‹Рµ РѕС‚ РєР»РёРµРЅС‚Р°: An existing connection was forcibly closed by the remote host.
	
2020-04-08 12:41:20.896 GMT [15208] РЎРћРћР‘Р©Р•РќРР•:  РЅРµ СѓРґР°Р»РѕСЃСЊ РїРѕР»СѓС‡РёС‚СЊ РґР°РЅРЅС‹Рµ РѕС‚ РєР»РёРµРЅС‚Р°: An existing connection was forcibly closed by the remote host.
	
2020-04-08 12:41:20.896 GMT [12312] РЎРћРћР‘Р©Р•РќРР•:  РЅРµРѕР¶РёРґР°РЅРЅС‹Р№ РѕР±СЂС‹РІ СЃРѕРµРґРёРЅРµРЅРёСЏ СЃ РєР»РёРµРЅС‚РѕРј РїСЂРё РѕС‚РєСЂС‹С‚РѕР№ С‚СЂР°РЅР·Р°РєС†РёРё
2020-04-08 12:41:20.896 GMT [15092] РЎРћРћР‘Р©Р•РќРР•:  РЅРµРѕР¶РёРґР°РЅРЅС‹Р№ РѕР±СЂС‹РІ СЃРѕРµРґРёРЅРµРЅРёСЏ СЃ РєР»РёРµРЅС‚РѕРј РїСЂРё РѕС‚РєСЂС‹С‚РѕР№ С‚СЂР°РЅР·Р°РєС†РёРё
2020-04-08 12:41:20.896 GMT [3592] РЎРћРћР‘Р©Р•РќРР•:  РЅРµРѕР¶РёРґР°РЅРЅС‹Р№ РѕР±СЂС‹РІ СЃРѕРµРґРёРЅРµРЅРёСЏ СЃ РєР»РёРµРЅС‚РѕРј РїСЂРё РѕС‚РєСЂС‹С‚РѕР№ С‚СЂР°РЅР·Р°РєС†РёРё
2020-04-08 12:41:20.896 GMT [7196] РЎРћРћР‘Р©Р•РќРР•:  РЅРµРѕР¶РёРґР°РЅРЅС‹Р№ РѕР±СЂС‹РІ СЃРѕРµРґРёРЅРµРЅРёСЏ СЃ РєР»РёРµРЅС‚РѕРј РїСЂРё РѕС‚РєСЂС‹С‚РѕР№ С‚СЂР°РЅР·Р°РєС†РёРё
2020-04-08 12:41:20.896 GMT [8840] РЎРћРћР‘Р©Р•РќРР•:  РЅРµРѕР¶РёРґР°РЅРЅС‹Р№ РѕР±СЂС‹РІ СЃРѕРµРґРёРЅРµРЅРёСЏ СЃ РєР»РёРµРЅС‚РѕРј РїСЂРё РѕС‚РєСЂС‹С‚РѕР№ С‚СЂР°РЅР·Р°РєС†РёРё
2020-04-08 12:41:20.896 GMT [15112] РЎРћРћР‘Р©Р•РќРР•:  РЅРµРѕР¶РёРґР°РЅРЅС‹Р№ РѕР±СЂС‹РІ СЃРѕРµРґРёРЅРµРЅРёСЏ СЃ РєР»РёРµРЅС‚РѕРј РїСЂРё РѕС‚РєСЂС‹С‚РѕР№ С‚СЂР°РЅР·Р°РєС†РёРё
2020-04-08 12:41:20.896 GMT [14836] РЎРћРћР‘Р©Р•РќРР•:  РЅРµ СѓРґР°Р»РѕСЃСЊ РїРѕР»СѓС‡РёС‚СЊ РґР°РЅРЅС‹Рµ РѕС‚ РєР»РёРµРЅС‚Р°: An existing connection was forcibly closed by the remote host.
	
2020-04-08 12:41:20.896 GMT [11808] РЎРћРћР‘Р©Р•РќРР•:  РЅРµ СѓРґР°Р»РѕСЃСЊ РїРѕР»СѓС‡РёС‚СЊ РґР°РЅРЅС‹Рµ РѕС‚ РєР»РёРµРЅС‚Р°: An existing connection was forcibly closed by the remote host.
	
2020-04-08 12:41:20.896 GMT [2568] РЎРћРћР‘Р©Р•РќРР•:  РЅРµРѕР¶РёРґР°РЅРЅС‹Р№ РѕР±СЂС‹РІ СЃРѕРµРґРёРЅРµРЅРёСЏ СЃ РєР»РёРµРЅС‚РѕРј РїСЂРё РѕС‚РєСЂС‹С‚РѕР№ С‚СЂР°РЅР·Р°РєС†РёРё
2020-04-08 12:41:20.896 GMT [3052] РЎРћРћР‘Р©Р•РќРР•:  РЅРµ СѓРґР°Р»РѕСЃСЊ РїРѕР»СѓС‡РёС‚СЊ РґР°РЅРЅС‹Рµ РѕС‚ РєР»РёРµРЅС‚Р°: An existing connection was forcibly closed by the remote host.
	
2020-04-08 12:41:20.896 GMT [15208] РЎРћРћР‘Р©Р•РќРР•:  РЅРµРѕР¶РёРґР°РЅРЅС‹Р№ РѕР±СЂС‹РІ СЃРѕРµРґРёРЅРµРЅРёСЏ СЃ РєР»РёРµРЅС‚РѕРј РїСЂРё РѕС‚РєСЂС‹С‚РѕР№ С‚СЂР°РЅР·Р°РєС†РёРё
2020-04-08 12:41:20.896 GMT [3052] РЎРћРћР‘Р©Р•РќРР•:  РЅРµРѕР¶РёРґР°РЅРЅС‹Р№ РѕР±СЂС‹РІ СЃРѕРµРґРёРЅРµРЅРёСЏ СЃ РєР»РёРµРЅС‚РѕРј РїСЂРё РѕС‚РєСЂС‹С‚РѕР№ С‚СЂР°РЅР·Р°РєС†РёРё
2020-04-08 12:41:20.896 GMT [14468] РЎРћРћР‘Р©Р•РќРР•:  РЅРµ СѓРґР°Р»РѕСЃСЊ РїРѕР»СѓС‡РёС‚СЊ РґР°РЅРЅС‹Рµ РѕС‚ РєР»РёРµРЅС‚Р°: An existing connection was forcibly closed by the remote host.
	
2020-04-08 12:41:20.897 GMT [11552] РЎРћРћР‘Р©Р•РќРР•:  РЅРµ СѓРґР°Р»РѕСЃСЊ РїРѕР»СѓС‡РёС‚СЊ РґР°РЅРЅС‹Рµ РѕС‚ РєР»РёРµРЅС‚Р°: An existing connection was forcibly closed by the remote host.
	
2020-04-08 12:41:20.897 GMT [14836] РЎРћРћР‘Р©Р•РќРР•:  РЅРµРѕР¶РёРґР°РЅРЅС‹Р№ РѕР±СЂС‹РІ СЃРѕРµРґРёРЅРµРЅРёСЏ СЃ РєР»РёРµРЅС‚РѕРј РїСЂРё РѕС‚РєСЂС‹С‚РѕР№ С‚СЂР°РЅР·Р°РєС†РёРё
2020-04-08 12:42:06.216 GMT [8280] РЎРћРћР‘Р©Р•РќРР•:  РЅРµ СѓРґР°Р»РѕСЃСЊ РїРѕР»СѓС‡РёС‚СЊ РґР°РЅРЅС‹Рµ РѕС‚ РєР»РёРµРЅС‚Р°: An existing connection was forcibly closed by the remote host.
	
2020-04-08 12:42:06.216 GMT [13436] РЎРћРћР‘Р©Р•РќРР•:  РЅРµ СѓРґР°Р»РѕСЃСЊ РїРѕР»СѓС‡РёС‚СЊ РґР°РЅРЅС‹Рµ РѕС‚ РєР»РёРµРЅС‚Р°: An existing connection was forcibly closed by the remote host.
	
2020-04-08 13:35:06.179 GMT [1256] РЎРћРћР‘Р©Р•РќРР•:  РЅРµ СѓРґР°Р»РѕСЃСЊ РїРѕР»СѓС‡РёС‚СЊ РґР°РЅРЅС‹Рµ РѕС‚ РєР»РёРµРЅС‚Р°: An existing connection was forcibly closed by the remote host.
	
2020-04-08 13:35:06.180 GMT [7600] РЎРћРћР‘Р©Р•РќРР•:  РЅРµ СѓРґР°Р»РѕСЃСЊ РїРѕР»СѓС‡РёС‚СЊ РґР°РЅРЅС‹Рµ РѕС‚ РєР»РёРµРЅС‚Р°: An existing connection was forcibly closed by the remote host.
	
2020-04-08 13:39:01.078 GMT [11292] СООБЩЕНИЕ:  процесс фоновой записи (PID 8984) был прерван исключением 0x40010004
2020-04-08 13:39:01.078 GMT [11292] ПОДСКАЗКА:  Описание этого шестнадцатеричного значения ищите во включаемом C-файле "ntstatus.h"
2020-04-08 13:39:01.078 GMT [11292] СООБЩЕНИЕ:  завершение всех остальных активных серверных процессов
2020-04-08 13:39:01.080 GMT [11292] СООБЩЕНИЕ:  процесс сбора статистики (PID 6756) был прерван исключением 0x40010004
2020-04-08 13:39:01.080 GMT [11292] ПОДСКАЗКА:  Описание этого шестнадцатеричного значения ищите во включаемом C-файле "ntstatus.h"
2020-04-08 13:39:01.091 GMT [11292] СООБЩЕНИЕ:  все серверные процессы завершены... переинициализация
2020-04-08 13:39:01.125 GMT [11292] СООБЩЕНИЕ:  стартовый процесс (PID 10880) был прерван исключением 0xC000026B
2020-04-08 13:39:01.125 GMT [11292] ПОДСКАЗКА:  Описание этого шестнадцатеричного значения ищите во включаемом C-файле "ntstatus.h"
2020-04-08 13:39:01.125 GMT [11292] СООБЩЕНИЕ:  прерывание запуска из-за ошибки в стартовом процессе
2020-04-08 13:39:01.128 GMT [11292] СООБЩЕНИЕ:  система БД выключена
