2020-03-08 13:56:01.263 GMT [14924] СООБЩЕНИЕ:  процесс системного протоколирования (PID 14472) завершился с кодом выхода 1
2020-03-08 13:56:04.761 GMT [14924] СООБЩЕНИЕ:  процесс фоновой записи (PID 15064) завершился с кодом выхода 1
2020-03-08 13:56:04.761 GMT [14924] СООБЩЕНИЕ:  завершение всех остальных активных серверных процессов
2020-03-08 13:56:04.765 GMT [7564] ПРЕДУПРЕЖДЕНИЕ:  закрытие подключения из-за краха другого серверного процесса
2020-03-08 13:56:04.765 GMT [7564] ПОДРОБНОСТИ:  Управляющий процесс отдал команду этому серверному процессу откатить текущую транзакцию и завершиться, так как другой серверный процесс завершился аварийно и возможно разрушил разделяемую память.
2020-03-08 13:56:04.765 GMT [7564] ПОДСКАЗКА:  Вы сможете переподключиться к базе данных и повторить вашу команду сию минуту.
2020-03-08 13:56:04.784 GMT [14924] СООБЩЕНИЕ:  все серверные процессы завершены... переинициализация
2020-03-08 13:56:04.936 GMT [12200] СООБЩЕНИЕ:  работа системы БД была прервана; последний момент работы: 2020-03-08 13:55:58 GMT
2020-03-08 13:56:05.332 GMT [12200] СООБЩЕНИЕ:  система БД была остановлена нештатно; производится автоматическое восстановление
2020-03-08 13:56:05.337 GMT [12200] СООБЩЕНИЕ:  неверная длина записи по смещению 0/169C2B8: ожидалось 24, получено 0
2020-03-08 13:56:05.337 GMT [12200] СООБЩЕНИЕ:  данные REDO не требуются
2020-03-08 13:56:05.372 GMT [14924] СООБЩЕНИЕ:  система БД готова принимать подключения
2020-03-08 13:56:06.387 GMT [14924] СООБЩЕНИЕ:  процесс фоновой записи (PID 5024) завершился с кодом выхода 1
2020-03-08 13:56:06.388 GMT [14924] СООБЩЕНИЕ:  завершение всех остальных активных серверных процессов
2020-03-08 13:56:06.392 GMT [6888] ПРЕДУПРЕЖДЕНИЕ:  закрытие подключения из-за краха другого серверного процесса
2020-03-08 13:56:06.392 GMT [6888] ПОДРОБНОСТИ:  Управляющий процесс отдал команду этому серверному процессу откатить текущую транзакцию и завершиться, так как другой серверный процесс завершился аварийно и возможно разрушил разделяемую память.
2020-03-08 13:56:06.392 GMT [6888] ПОДСКАЗКА:  Вы сможете переподключиться к базе данных и повторить вашу команду сию минуту.
2020-03-08 13:56:06.406 GMT [14924] СООБЩЕНИЕ:  все серверные процессы завершены... переинициализация
2020-03-08 13:56:06.446 GMT [2228] СООБЩЕНИЕ:  работа системы БД была прервана; последний момент работы: 2020-03-08 13:56:05 GMT
2020-03-08 13:56:06.841 GMT [2228] СООБЩЕНИЕ:  система БД была остановлена нештатно; производится автоматическое восстановление
2020-03-08 13:56:06.844 GMT [2228] СООБЩЕНИЕ:  неверная длина записи по смещению 0/169C330: ожидалось 24, получено 0
2020-03-08 13:56:06.845 GMT [2228] СООБЩЕНИЕ:  данные REDO не требуются
2020-03-08 13:56:06.880 GMT [14924] СООБЩЕНИЕ:  система БД готова принимать подключения
