2020-03-08 13:55:38.687 GMT [4544] СООБЩЕНИЕ:  работа системы БД была прервана; последний момент работы: 2020-03-08 13:44:27 GMT
2020-03-08 13:55:39.220 GMT [4544] СООБЩЕНИЕ:  система БД была остановлена нештатно; производится автоматическое восстановление
2020-03-08 13:55:39.224 GMT [4544] СООБЩЕНИЕ:  запись REDO начинается со смещения 0/169BF60
2020-03-08 13:55:39.224 GMT [4544] СООБЩЕНИЕ:  неверная длина записи по смещению 0/169C060: ожидалось 24, получено 0
2020-03-08 13:55:39.224 GMT [4544] СООБЩЕНИЕ:  записи REDO обработаны до смещения 0/169C028
2020-03-08 13:55:39.270 GMT [14924] СООБЩЕНИЕ:  система БД готова принимать подключения
2020-03-08 13:55:48.179 GMT [14924] СООБЩЕНИЕ:  процесс сбора статистики (PID 10152) завершился с кодом выхода 1
2020-03-08 13:55:49.270 GMT [14924] СООБЩЕНИЕ:  процесс фоновой записи (PID 14364) завершился с кодом выхода 1
2020-03-08 13:55:49.270 GMT [14924] СООБЩЕНИЕ:  завершение всех остальных активных серверных процессов
2020-03-08 13:55:49.275 GMT [14280] ПРЕДУПРЕЖДЕНИЕ:  закрытие подключения из-за краха другого серверного процесса
2020-03-08 13:55:49.275 GMT [14280] ПОДРОБНОСТИ:  Управляющий процесс отдал команду этому серверному процессу откатить текущую транзакцию и завершиться, так как другой серверный процесс завершился аварийно и возможно разрушил разделяемую память.
2020-03-08 13:55:49.275 GMT [14280] ПОДСКАЗКА:  Вы сможете переподключиться к базе данных и повторить вашу команду сию минуту.
2020-03-08 13:55:49.301 GMT [14924] СООБЩЕНИЕ:  все серверные процессы завершены... переинициализация
2020-03-08 13:55:49.347 GMT [13028] СООБЩЕНИЕ:  работа системы БД была прервана; последний момент работы: 2020-03-08 13:55:39 GMT
2020-03-08 13:55:49.796 GMT [13028] СООБЩЕНИЕ:  система БД была остановлена нештатно; производится автоматическое восстановление
2020-03-08 13:55:49.800 GMT [13028] СООБЩЕНИЕ:  неверная длина записи по смещению 0/169C0D8: ожидалось 24, получено 0
2020-03-08 13:55:49.800 GMT [13028] СООБЩЕНИЕ:  данные REDO не требуются
2020-03-08 13:55:49.837 GMT [14924] СООБЩЕНИЕ:  система БД готова принимать подключения
2020-03-08 13:55:51.768 GMT [14924] СООБЩЕНИЕ:  процесс контрольных точек (PID 8744) завершился с кодом выхода 1
2020-03-08 13:55:51.768 GMT [14924] СООБЩЕНИЕ:  завершение всех остальных активных серверных процессов
2020-03-08 13:55:51.773 GMT [14340] ПРЕДУПРЕЖДЕНИЕ:  закрытие подключения из-за краха другого серверного процесса
2020-03-08 13:55:51.773 GMT [14340] ПОДРОБНОСТИ:  Управляющий процесс отдал команду этому серверному процессу откатить текущую транзакцию и завершиться, так как другой серверный процесс завершился аварийно и возможно разрушил разделяемую память.
2020-03-08 13:55:51.773 GMT [14340] ПОДСКАЗКА:  Вы сможете переподключиться к базе данных и повторить вашу команду сию минуту.
2020-03-08 13:55:51.801 GMT [14924] СООБЩЕНИЕ:  все серверные процессы завершены... переинициализация
2020-03-08 13:55:51.857 GMT [15184] СООБЩЕНИЕ:  работа системы БД была прервана; последний момент работы: 2020-03-08 13:55:49 GMT
2020-03-08 13:55:52.288 GMT [15184] СООБЩЕНИЕ:  система БД была остановлена нештатно; производится автоматическое восстановление
2020-03-08 13:55:52.292 GMT [15184] СООБЩЕНИЕ:  неверная длина записи по смещению 0/169C150: ожидалось 24, получено 0
2020-03-08 13:55:52.292 GMT [15184] СООБЩЕНИЕ:  данные REDO не требуются
2020-03-08 13:55:52.351 GMT [14924] СООБЩЕНИЕ:  система БД готова принимать подключения
2020-03-08 13:55:55.005 GMT [14924] СООБЩЕНИЕ:  процесс фоновой записи (PID 13780) завершился с кодом выхода 1
2020-03-08 13:55:55.005 GMT [14924] СООБЩЕНИЕ:  завершение всех остальных активных серверных процессов
2020-03-08 13:55:55.009 GMT [15288] ПРЕДУПРЕЖДЕНИЕ:  закрытие подключения из-за краха другого серверного процесса
2020-03-08 13:55:55.009 GMT [15288] ПОДРОБНОСТИ:  Управляющий процесс отдал команду этому серверному процессу откатить текущую транзакцию и завершиться, так как другой серверный процесс завершился аварийно и возможно разрушил разделяемую память.
2020-03-08 13:55:55.009 GMT [15288] ПОДСКАЗКА:  Вы сможете переподключиться к базе данных и повторить вашу команду сию минуту.
2020-03-08 13:55:55.036 GMT [14924] СООБЩЕНИЕ:  все серверные процессы завершены... переинициализация
2020-03-08 13:55:55.076 GMT [10476] СООБЩЕНИЕ:  работа системы БД была прервана; последний момент работы: 2020-03-08 13:55:52 GMT
2020-03-08 13:55:55.512 GMT [10476] СООБЩЕНИЕ:  система БД была остановлена нештатно; производится автоматическое восстановление
2020-03-08 13:55:55.516 GMT [10476] СООБЩЕНИЕ:  неверная длина записи по смещению 0/169C1C8: ожидалось 24, получено 0
2020-03-08 13:55:55.516 GMT [10476] СООБЩЕНИЕ:  данные REDO не требуются
2020-03-08 13:55:55.567 GMT [14924] СООБЩЕНИЕ:  система БД готова принимать подключения
2020-03-08 13:55:58.318 GMT [14924] СООБЩЕНИЕ:  процесс фоновой записи (PID 11344) завершился с кодом выхода 1
2020-03-08 13:55:58.318 GMT [14924] СООБЩЕНИЕ:  завершение всех остальных активных серверных процессов
2020-03-08 13:55:58.323 GMT [4764] ПРЕДУПРЕЖДЕНИЕ:  закрытие подключения из-за краха другого серверного процесса
2020-03-08 13:55:58.323 GMT [4764] ПОДРОБНОСТИ:  Управляющий процесс отдал команду этому серверному процессу откатить текущую транзакцию и завершиться, так как другой серверный процесс завершился аварийно и возможно разрушил разделяемую память.
2020-03-08 13:55:58.323 GMT [4764] ПОДСКАЗКА:  Вы сможете переподключиться к базе данных и повторить вашу команду сию минуту.
2020-03-08 13:55:58.342 GMT [14924] СООБЩЕНИЕ:  все серверные процессы завершены... переинициализация
2020-03-08 13:55:58.381 GMT [14876] СООБЩЕНИЕ:  работа системы БД была прервана; последний момент работы: 2020-03-08 13:55:55 GMT
2020-03-08 13:55:58.782 GMT [14876] СООБЩЕНИЕ:  система БД была остановлена нештатно; производится автоматическое восстановление
2020-03-08 13:55:58.788 GMT [14876] СООБЩЕНИЕ:  неверная длина записи по смещению 0/169C240: ожидалось 24, получено 0
2020-03-08 13:55:58.788 GMT [14876] СООБЩЕНИЕ:  данные REDO не требуются
2020-03-08 13:55:58.827 GMT [14924] СООБЩЕНИЕ:  система БД готова принимать подключения
