2020-03-08 12:38:46.130 GMT [3096] СООБЩЕНИЕ:  работа системы БД была прервана; последний момент работы: 2020-03-08 12:35:14 GMT
2020-03-08 12:38:46.693 GMT [3096] СООБЩЕНИЕ:  система БД была остановлена нештатно; производится автоматическое восстановление
2020-03-08 12:38:46.697 GMT [3096] СООБЩЕНИЕ:  запись REDO начинается со смещения 0/169B8B8
2020-03-08 12:38:46.697 GMT [3096] СООБЩЕНИЕ:  неверная длина записи по смещению 0/169B9A0: ожидалось 24, получено 0
2020-03-08 12:38:46.697 GMT [3096] СООБЩЕНИЕ:  записи REDO обработаны до смещения 0/169B968
2020-03-08 12:38:46.748 GMT [9964] СООБЩЕНИЕ:  система БД готова принимать подключения
2020-03-08 12:41:16.989 GMT [5136] РЎРћРћР‘Р©Р•РќРР•:  РЅРµ СѓРґР°Р»РѕСЃСЊ РїРѕР»СѓС‡РёС‚СЊ РґР°РЅРЅС‹Рµ РѕС‚ РєР»РёРµРЅС‚Р°: An existing connection was forcibly closed by the remote host.
	
2020-03-08 12:42:54.122 GMT [16580] ВАЖНО:  база данных "WebPredictionDBd" не существует
2020-03-08 12:52:47.638 GMT [1748] ВАЖНО:  пользователь "diamo" не прошёл проверку подлинности (по паролю)
2020-03-08 12:52:47.638 GMT [1748] ПОДРОБНОСТИ:  Роль "diamo" не существует.
	Подключение соответствует строке 82 в pg_hba.conf: "host    all             all             ::1/128                 md5"
2020-03-08 12:52:51.244 GMT [10336] ВАЖНО:  пользователь "diamo" не прошёл проверку подлинности (по паролю)
2020-03-08 12:52:51.244 GMT [10336] ПОДРОБНОСТИ:  Роль "diamo" не существует.
	Подключение соответствует строке 82 в pg_hba.conf: "host    all             all             ::1/128                 md5"
2020-03-08 12:52:55.288 GMT [17308] ВАЖНО:  пользователь "diamo" не прошёл проверку подлинности (по паролю)
2020-03-08 12:52:55.288 GMT [17308] ПОДРОБНОСТИ:  Роль "diamo" не существует.
	Подключение соответствует строке 82 в pg_hba.conf: "host    all             all             ::1/128                 md5"
2020-03-08 12:52:58.091 GMT [8580] ВАЖНО:  пользователь "diamo" не прошёл проверку подлинности (по паролю)
2020-03-08 12:52:58.091 GMT [8580] ПОДРОБНОСТИ:  Роль "diamo" не существует.
	Подключение соответствует строке 82 в pg_hba.conf: "host    all             all             ::1/128                 md5"
2020-03-08 12:53:10.566 GMT [9104] ВАЖНО:  пользователь "diamo" не прошёл проверку подлинности (по паролю)
2020-03-08 12:53:10.566 GMT [9104] ПОДРОБНОСТИ:  Роль "diamo" не существует.
	Подключение соответствует строке 82 в pg_hba.conf: "host    all             all             ::1/128                 md5"
2020-03-08 12:53:17.966 GMT [9068] ВАЖНО:  пользователь "diamo" не прошёл проверку подлинности (по паролю)
2020-03-08 12:53:17.966 GMT [9068] ПОДРОБНОСТИ:  Роль "diamo" не существует.
	Подключение соответствует строке 82 в pg_hba.conf: "host    all             all             ::1/128                 md5"
2020-03-08 12:53:20.639 GMT [14608] ВАЖНО:  пользователь "diamo" не прошёл проверку подлинности (по паролю)
2020-03-08 12:53:20.639 GMT [14608] ПОДРОБНОСТИ:  Роль "diamo" не существует.
	Подключение соответствует строке 82 в pg_hba.conf: "host    all             all             ::1/128                 md5"
2020-03-08 12:53:21.782 GMT [15616] ВАЖНО:  пользователь "diamo" не прошёл проверку подлинности (по паролю)
2020-03-08 12:53:21.782 GMT [15616] ПОДРОБНОСТИ:  Роль "diamo" не существует.
	Подключение соответствует строке 82 в pg_hba.conf: "host    all             all             ::1/128                 md5"
2020-03-08 13:00:25.050 GMT [12492] ВАЖНО:  пользователь "diamo" не прошёл проверку подлинности (по паролю)
2020-03-08 13:00:25.050 GMT [12492] ПОДРОБНОСТИ:  Роль "diamo" не существует.
	Подключение соответствует строке 82 в pg_hba.conf: "host    all             all             ::1/128                 md5"
2020-03-08 13:00:28.037 GMT [1232] ВАЖНО:  пользователь "diamo" не прошёл проверку подлинности (по паролю)
2020-03-08 13:00:28.037 GMT [1232] ПОДРОБНОСТИ:  Роль "diamo" не существует.
	Подключение соответствует строке 82 в pg_hba.conf: "host    all             all             ::1/128                 md5"
2020-03-08 13:04:18.015 GMT [15288] РЎРћРћР‘Р©Р•РќРР•:  РЅРµ СѓРґР°Р»РѕСЃСЊ РїРѕР»СѓС‡РёС‚СЊ РґР°РЅРЅС‹Рµ РѕС‚ РєР»РёРµРЅС‚Р°: An existing connection was forcibly closed by the remote host.
	
2020-03-08 13:10:22.540 GMT [9964] СООБЩЕНИЕ:  процесс сервера (PID 972) был прерван исключением 0xC000013A
2020-03-08 13:10:22.540 GMT [9964] ПОДРОБНОСТИ:  Завершившийся процесс выполнял действие: SELECT d.datname as "Name",
	       pg_catalog.pg_get_userbyid(d.datdba) as "Owner",
	       pg_catalog.pg_encoding_to_char(d.encoding) as "Encoding",
	       d.datcollate as "Collate",
	       d.datctype as "Ctype",
	       pg_catalog.array_to_string(d.datacl, E'\n') AS "Access privileges"
	FROM pg_catalog.pg_database d
	ORDER BY 1;
2020-03-08 13:10:22.540 GMT [9964] ПОДСКАЗКА:  Описание этого шестнадцатеричного значения ищите во включаемом C-файле "ntstatus.h"
2020-03-08 13:10:22.540 GMT [9964] СООБЩЕНИЕ:  завершение всех остальных активных серверных процессов
2020-03-08 13:10:22.562 GMT [9964] СООБЩЕНИЕ:  процесс сбора статистики (PID 9432) был прерван исключением 0xC000013A
2020-03-08 13:10:22.562 GMT [9964] ПОДСКАЗКА:  Описание этого шестнадцатеричного значения ищите во включаемом C-файле "ntstatus.h"
2020-03-08 13:10:22.572 GMT [9964] СООБЩЕНИЕ:  все серверные процессы завершены... переинициализация
2020-03-08 13:10:22.613 GMT [3376] СООБЩЕНИЕ:  работа системы БД была прервана; последний момент работы: 2020-03-08 12:38:46 GMT
2020-03-08 13:10:23.047 GMT [3376] СООБЩЕНИЕ:  система БД была остановлена нештатно; производится автоматическое восстановление
2020-03-08 13:10:23.051 GMT [3376] СООБЩЕНИЕ:  запись REDO начинается со смещения 0/169BA18
2020-03-08 13:10:23.051 GMT [3376] СООБЩЕНИЕ:  неверная длина записи по смещению 0/169BA50: ожидалось 24, получено 0
2020-03-08 13:10:23.051 GMT [3376] СООБЩЕНИЕ:  записи REDO обработаны до смещения 0/169BA18
2020-03-08 13:10:23.105 GMT [9964] СООБЩЕНИЕ:  система БД готова принимать подключения
2020-03-08 13:11:10.351 GMT [9964] СООБЩЕНИЕ:  фоновый процесс "logical replication launcher" (PID 1524) был прерван исключением 0xC000013A
2020-03-08 13:11:10.351 GMT [9964] ПОДСКАЗКА:  Описание этого шестнадцатеричного значения ищите во включаемом C-файле "ntstatus.h"
2020-03-08 13:11:10.351 GMT [9964] СООБЩЕНИЕ:  завершение всех остальных активных серверных процессов
2020-03-08 13:11:10.354 GMT [9964] СООБЩЕНИЕ:  процесс сбора статистики (PID 17540) был прерван исключением 0xC000013A
2020-03-08 13:11:10.354 GMT [9964] ПОДСКАЗКА:  Описание этого шестнадцатеричного значения ищите во включаемом C-файле "ntstatus.h"
2020-03-08 13:11:10.376 GMT [9964] СООБЩЕНИЕ:  все серверные процессы завершены... переинициализация
2020-03-08 13:11:10.419 GMT [888] СООБЩЕНИЕ:  работа системы БД была прервана; последний момент работы: 2020-03-08 13:10:23 GMT
2020-03-08 13:11:10.901 GMT [888] СООБЩЕНИЕ:  система БД была остановлена нештатно; производится автоматическое восстановление
2020-03-08 13:11:10.904 GMT [888] СООБЩЕНИЕ:  запись REDO начинается со смещения 0/169BAC8
2020-03-08 13:11:10.905 GMT [888] СООБЩЕНИЕ:  неверная длина записи по смещению 0/169BB00: ожидалось 24, получено 0
2020-03-08 13:11:10.905 GMT [888] СООБЩЕНИЕ:  записи REDO обработаны до смещения 0/169BAC8
2020-03-08 13:11:10.941 GMT [9964] СООБЩЕНИЕ:  система БД готова принимать подключения
2020-03-08 13:11:18.816 GMT [9964] СООБЩЕНИЕ:  фоновый процесс "logical replication launcher" (PID 16008) был прерван исключением 0xC000013A
2020-03-08 13:11:18.816 GMT [9964] ПОДСКАЗКА:  Описание этого шестнадцатеричного значения ищите во включаемом C-файле "ntstatus.h"
2020-03-08 13:11:18.816 GMT [9964] СООБЩЕНИЕ:  завершение всех остальных активных серверных процессов
2020-03-08 13:11:18.827 GMT [9964] СООБЩЕНИЕ:  процесс сбора статистики (PID 5316) был прерван исключением 0xC000013A
2020-03-08 13:11:18.827 GMT [9964] ПОДСКАЗКА:  Описание этого шестнадцатеричного значения ищите во включаемом C-файле "ntstatus.h"
2020-03-08 13:11:18.856 GMT [9964] СООБЩЕНИЕ:  все серверные процессы завершены... переинициализация
2020-03-08 13:11:18.900 GMT [16664] СООБЩЕНИЕ:  работа системы БД была прервана; последний момент работы: 2020-03-08 13:11:10 GMT
2020-03-08 13:11:19.157 GMT [16664] СООБЩЕНИЕ:  система БД была остановлена нештатно; производится автоматическое восстановление
2020-03-08 13:11:19.160 GMT [16664] СООБЩЕНИЕ:  неверная длина записи по смещению 0/169BB78: ожидалось 24, получено 0
2020-03-08 13:11:19.161 GMT [16664] СООБЩЕНИЕ:  данные REDO не требуются
2020-03-08 13:11:19.205 GMT [9964] СООБЩЕНИЕ:  система БД готова принимать подключения
2020-03-08 13:11:42.943 GMT [9964] СООБЩЕНИЕ:  фоновый процесс "logical replication launcher" (PID 1148) был прерван исключением 0xC000013A
2020-03-08 13:11:42.943 GMT [9964] ПОДСКАЗКА:  Описание этого шестнадцатеричного значения ищите во включаемом C-файле "ntstatus.h"
2020-03-08 13:11:42.943 GMT [9964] СООБЩЕНИЕ:  завершение всех остальных активных серверных процессов
2020-03-08 13:11:42.956 GMT [18016] ПРЕДУПРЕЖДЕНИЕ:  закрытие подключения из-за краха другого серверного процесса
2020-03-08 13:11:42.956 GMT [18016] ПОДРОБНОСТИ:  Управляющий процесс отдал команду этому серверному процессу откатить текущую транзакцию и завершиться, так как другой серверный процесс завершился аварийно и возможно разрушил разделяемую память.
2020-03-08 13:11:42.956 GMT [18016] ПОДСКАЗКА:  Вы сможете переподключиться к базе данных и повторить вашу команду сию минуту.
2020-03-08 13:11:42.981 GMT [9964] СООБЩЕНИЕ:  процесс сбора статистики (PID 11652) был прерван исключением 0xC000013A
2020-03-08 13:11:42.981 GMT [9964] ПОДСКАЗКА:  Описание этого шестнадцатеричного значения ищите во включаемом C-файле "ntstatus.h"
2020-03-08 13:11:42.983 GMT [9964] СООБЩЕНИЕ:  все серверные процессы завершены... переинициализация
2020-03-08 13:11:43.042 GMT [5100] СООБЩЕНИЕ:  работа системы БД была прервана; последний момент работы: 2020-03-08 13:11:19 GMT
2020-03-08 13:11:43.275 GMT [5100] СООБЩЕНИЕ:  система БД была остановлена нештатно; производится автоматическое восстановление
2020-03-08 13:11:43.279 GMT [5100] СООБЩЕНИЕ:  запись REDO начинается со смещения 0/169BBF0
2020-03-08 13:11:43.279 GMT [5100] СООБЩЕНИЕ:  неверная длина записи по смещению 0/169BC28: ожидалось 24, получено 0
2020-03-08 13:11:43.280 GMT [5100] СООБЩЕНИЕ:  записи REDO обработаны до смещения 0/169BBF0
2020-03-08 13:11:43.341 GMT [9964] СООБЩЕНИЕ:  система БД готова принимать подключения
2020-03-08 13:16:42.040 GMT [9964] СООБЩЕНИЕ:  процесс сервера (PID 3636) был прерван исключением 0xC0000142
2020-03-08 13:16:42.040 GMT [9964] ПОДСКАЗКА:  Описание этого шестнадцатеричного значения ищите во включаемом C-файле "ntstatus.h"
2020-03-08 13:16:42.040 GMT [9964] СООБЩЕНИЕ:  завершение всех остальных активных серверных процессов
2020-03-08 13:16:42.048 GMT [9052] ПРЕДУПРЕЖДЕНИЕ:  закрытие подключения из-за краха другого серверного процесса
2020-03-08 13:16:42.048 GMT [9052] ПОДРОБНОСТИ:  Управляющий процесс отдал команду этому серверному процессу откатить текущую транзакцию и завершиться, так как другой серверный процесс завершился аварийно и возможно разрушил разделяемую память.
2020-03-08 13:16:42.048 GMT [9052] ПОДСКАЗКА:  Вы сможете переподключиться к базе данных и повторить вашу команду сию минуту.
2020-03-08 13:16:42.056 GMT [9964] СООБЩЕНИЕ:  все серверные процессы завершены... переинициализация
2020-03-08 13:16:42.071 GMT [9964] СООБЩЕНИЕ:  стартовый процесс (PID 15812) был прерван исключением 0xC0000142
2020-03-08 13:16:42.071 GMT [9964] ПОДСКАЗКА:  Описание этого шестнадцатеричного значения ищите во включаемом C-файле "ntstatus.h"
2020-03-08 13:16:42.071 GMT [9964] СООБЩЕНИЕ:  прерывание запуска из-за ошибки в стартовом процессе
2020-03-08 13:16:42.073 GMT [9964] СООБЩЕНИЕ:  система БД выключена
