2020-03-27 03:48:50.595 GMT [8540] СООБЩЕНИЕ:  система БД была выключена: 2020-03-26 12:23:11 GMT
2020-03-27 03:48:50.610 GMT [1448] СООБЩЕНИЕ:  система БД готова принимать подключения
2020-03-27 05:59:39.900 GMT [2892] РћРЁРР‘РљРђ:  INSERT РёР»Рё UPDATE РІ С‚Р°Р±Р»РёС†Рµ "user_answers" РЅР°СЂСѓС€Р°РµС‚ РѕРіСЂР°РЅРёС‡РµРЅРёРµ РІРЅРµС€РЅРµРіРѕ РєР»СЋС‡Р° "user_answers_answer_id_fkey"
2020-03-27 05:59:39.900 GMT [2892] РџРћР”Р РћР‘РќРћРЎРўР:  РљР»СЋС‡ (answer_id)=(0) РѕС‚СЃСѓС‚СЃС‚РІСѓРµС‚ РІ С‚Р°Р±Р»РёС†Рµ "answers".
2020-03-27 05:59:39.900 GMT [2892] РћРџР•Р РђРўРћР :  INSERT INTO public.user_answers (user_id, answer_id) VALUES (2, 0) RETURNING public.user_answers.id
2020-03-27 06:32:58.126 GMT [5432] РћРЁРР‘РљРђ:  INSERT РёР»Рё UPDATE РІ С‚Р°Р±Р»РёС†Рµ "user_answers" РЅР°СЂСѓС€Р°РµС‚ РѕРіСЂР°РЅРёС‡РµРЅРёРµ РІРЅРµС€РЅРµРіРѕ РєР»СЋС‡Р° "user_answers_answer_id_fkey"
2020-03-27 06:32:58.126 GMT [5432] РџРћР”Р РћР‘РќРћРЎРўР:  РљР»СЋС‡ (answer_id)=(0) РѕС‚СЃСѓС‚СЃС‚РІСѓРµС‚ РІ С‚Р°Р±Р»РёС†Рµ "answers".
2020-03-27 06:32:58.126 GMT [5432] РћРџР•Р РђРўРћР :  INSERT INTO public.user_answers (user_id, answer_id) VALUES (2, 0) RETURNING public.user_answers.id
2020-03-27 07:08:32.484 GMT [13328] РћРЁРР‘РљРђ:  INSERT РёР»Рё UPDATE РІ С‚Р°Р±Р»РёС†Рµ "user_answers" РЅР°СЂСѓС€Р°РµС‚ РѕРіСЂР°РЅРёС‡РµРЅРёРµ РІРЅРµС€РЅРµРіРѕ РєР»СЋС‡Р° "user_answers_answer_id_fkey"
2020-03-27 07:08:32.484 GMT [13328] РџРћР”Р РћР‘РќРћРЎРўР:  РљР»СЋС‡ (answer_id)=(0) РѕС‚СЃСѓС‚СЃС‚РІСѓРµС‚ РІ С‚Р°Р±Р»РёС†Рµ "answers".
2020-03-27 07:08:32.484 GMT [13328] РћРџР•Р РђРўРћР :  INSERT INTO public.user_answers (user_id, answer_id) VALUES (7, 0) RETURNING public.user_answers.id
2020-03-27 07:08:33.033 GMT [16004] РћРЁРР‘РљРђ:  INSERT РёР»Рё UPDATE РІ С‚Р°Р±Р»РёС†Рµ "user_answers" РЅР°СЂСѓС€Р°РµС‚ РѕРіСЂР°РЅРёС‡РµРЅРёРµ РІРЅРµС€РЅРµРіРѕ РєР»СЋС‡Р° "user_answers_answer_id_fkey"
2020-03-27 07:08:33.033 GMT [16004] РџРћР”Р РћР‘РќРћРЎРўР:  РљР»СЋС‡ (answer_id)=(0) РѕС‚СЃСѓС‚СЃС‚РІСѓРµС‚ РІ С‚Р°Р±Р»РёС†Рµ "answers".
2020-03-27 07:08:33.033 GMT [16004] РћРџР•Р РђРўРћР :  INSERT INTO public.user_answers (user_id, answer_id) VALUES (7, 0) RETURNING public.user_answers.id
2020-03-27 07:16:28.184 GMT [16004] РЎРћРћР‘Р©Р•РќРР•:  РЅРµ СѓРґР°Р»РѕСЃСЊ РїРѕР»СѓС‡РёС‚СЊ РґР°РЅРЅС‹Рµ РѕС‚ РєР»РёРµРЅС‚Р°: An existing connection was forcibly closed by the remote host.
	
2020-03-27 07:16:28.184 GMT [5432] РЎРћРћР‘Р©Р•РќРР•:  РЅРµ СѓРґР°Р»РѕСЃСЊ РїРѕР»СѓС‡РёС‚СЊ РґР°РЅРЅС‹Рµ РѕС‚ РєР»РёРµРЅС‚Р°: An existing connection was forcibly closed by the remote host.
	
2020-03-27 07:16:28.184 GMT [13328] РЎРћРћР‘Р©Р•РќРР•:  РЅРµ СѓРґР°Р»РѕСЃСЊ РїРѕР»СѓС‡РёС‚СЊ РґР°РЅРЅС‹Рµ РѕС‚ РєР»РёРµРЅС‚Р°: An existing connection was forcibly closed by the remote host.
	
2020-03-27 07:16:28.185 GMT [2892] РЎРћРћР‘Р©Р•РќРР•:  РЅРµ СѓРґР°Р»РѕСЃСЊ РїРѕР»СѓС‡РёС‚СЊ РґР°РЅРЅС‹Рµ РѕС‚ РєР»РёРµРЅС‚Р°: An existing connection was forcibly closed by the remote host.
	
2020-03-27 07:16:28.188 GMT [15020] РЎРћРћР‘Р©Р•РќРР•:  РЅРµ СѓРґР°Р»РѕСЃСЊ РїРѕР»СѓС‡РёС‚СЊ РґР°РЅРЅС‹Рµ РѕС‚ РєР»РёРµРЅС‚Р°: An existing connection was forcibly closed by the remote host.
	
2020-03-27 07:29:13.872 GMT [6848] РЎРћРћР‘Р©Р•РќРР•:  РЅРµ СѓРґР°Р»РѕСЃСЊ РїРѕР»СѓС‡РёС‚СЊ РґР°РЅРЅС‹Рµ РѕС‚ РєР»РёРµРЅС‚Р°: An existing connection was forcibly closed by the remote host.
	
2020-03-27 10:09:35.931 GMT [1448] СООБЩЕНИЕ:  получен запрос на быстрое выключение
2020-03-27 10:09:35.934 GMT [1448] СООБЩЕНИЕ:  прерывание всех активных транзакций
2020-03-27 10:09:35.936 GMT [2984] Р’РђР–РќРћ:  Р·Р°РєСЂС‹С‚РёРµ РїРѕРґРєР»СЋС‡РµРЅРёСЏ РїРѕ РєРѕРјР°РЅРґРµ Р°РґРјРёРЅРёСЃС‚СЂР°С‚РѕСЂР°
2020-03-27 10:09:35.937 GMT [14872] Р’РђР–РќРћ:  Р·Р°РєСЂС‹С‚РёРµ РїРѕРґРєР»СЋС‡РµРЅРёСЏ РїРѕ РєРѕРјР°РЅРґРµ Р°РґРјРёРЅРёСЃС‚СЂР°С‚РѕСЂР°
2020-03-27 10:09:35.937 GMT [8268] Р’РђР–РќРћ:  Р·Р°РєСЂС‹С‚РёРµ РїРѕРґРєР»СЋС‡РµРЅРёСЏ РїРѕ РєРѕРјР°РЅРґРµ Р°РґРјРёРЅРёСЃС‚СЂР°С‚РѕСЂР°
2020-03-27 10:09:35.938 GMT [13504] Р’РђР–РќРћ:  Р·Р°РєСЂС‹С‚РёРµ РїРѕРґРєР»СЋС‡РµРЅРёСЏ РїРѕ РєРѕРјР°РЅРґРµ Р°РґРјРёРЅРёСЃС‚СЂР°С‚РѕСЂР°
2020-03-27 10:09:35.939 GMT [10744] Р’РђР–РќРћ:  Р·Р°РєСЂС‹С‚РёРµ РїРѕРґРєР»СЋС‡РµРЅРёСЏ РїРѕ РєРѕРјР°РЅРґРµ Р°РґРјРёРЅРёСЃС‚СЂР°С‚РѕСЂР°
2020-03-27 10:09:35.944 GMT [1448] СООБЩЕНИЕ:  фоновый процесс "logical replication launcher" (PID 10512) завершился с кодом выхода 1
2020-03-27 10:09:35.944 GMT [1228] Р’РђР–РќРћ:  Р·Р°РєСЂС‹С‚РёРµ РїРѕРґРєР»СЋС‡РµРЅРёСЏ РїРѕ РєРѕРјР°РЅРґРµ Р°РґРјРёРЅРёСЃС‚СЂР°С‚РѕСЂР°
2020-03-27 10:09:35.950 GMT [12012] СООБЩЕНИЕ:  выключение
2020-03-27 10:09:35.968 GMT [1448] СООБЩЕНИЕ:  система БД выключена
