2020-04-01 04:11:07.055 GMT [10148] —ŒŒ¡Ÿ≈Õ»≈:  ÒËÒÚÂÏ‡ ¡ƒ ·˚Î‡ ‚˚ÍÎ˛˜ÂÌ‡: 2020-03-31 11:34:42 GMT
2020-04-01 04:11:07.071 GMT [4996] —ŒŒ¡Ÿ≈Õ»≈:  ÒËÒÚÂÏ‡ ¡ƒ „ÓÚÓ‚‡ ÔËÌËÏ‡Ú¸ ÔÓ‰ÍÎ˛˜ÂÌËˇ
2020-04-01 06:51:36.774 GMT [6916] –°–û–û–ë–©–ï–ù–ò–ï:  –Ω–µ —É–¥–∞–ª–æ—Å—å –ø–æ–ª—É—á–∏—Ç—å –¥–∞–Ω–Ω—ã–µ –æ—Ç –∫–ª–∏–µ–Ω—Ç–∞: An existing connection was forcibly closed by the remote host.
	
2020-04-01 07:14:22.681 GMT [14440] –°–û–û–ë–©–ï–ù–ò–ï:  –Ω–µ —É–¥–∞–ª–æ—Å—å –ø–æ–ª—É—á–∏—Ç—å –¥–∞–Ω–Ω—ã–µ –æ—Ç –∫–ª–∏–µ–Ω—Ç–∞: An existing connection was forcibly closed by the remote host.
	
2020-04-01 07:28:34.238 GMT [6772] –°–û–û–ë–©–ï–ù–ò–ï:  –Ω–µ —É–¥–∞–ª–æ—Å—å –ø–æ–ª—É—á–∏—Ç—å –¥–∞–Ω–Ω—ã–µ –æ—Ç –∫–ª–∏–µ–Ω—Ç–∞: An existing connection was forcibly closed by the remote host.
	
2020-04-01 07:28:55.525 GMT [8908] –°–û–û–ë–©–ï–ù–ò–ï:  –Ω–µ —É–¥–∞–ª–æ—Å—å –ø–æ–ª—É—á–∏—Ç—å –¥–∞–Ω–Ω—ã–µ –æ—Ç –∫–ª–∏–µ–Ω—Ç–∞: An existing connection was forcibly closed by the remote host.
	
2020-04-01 07:32:34.489 GMT [14704] –°–û–û–ë–©–ï–ù–ò–ï:  –Ω–µ —É–¥–∞–ª–æ—Å—å –ø–æ–ª—É—á–∏—Ç—å –¥–∞–Ω–Ω—ã–µ –æ—Ç –∫–ª–∏–µ–Ω—Ç–∞: An existing connection was forcibly closed by the remote host.
	
2020-04-01 07:53:39.915 GMT [13436] –°–û–û–ë–©–ï–ù–ò–ï:  –Ω–µ —É–¥–∞–ª–æ—Å—å –ø–æ–ª—É—á–∏—Ç—å –¥–∞–Ω–Ω—ã–µ –æ—Ç –∫–ª–∏–µ–Ω—Ç–∞: An existing connection was forcibly closed by the remote host.
	
2020-04-01 07:55:04.537 GMT [12092] –°–û–û–ë–©–ï–ù–ò–ï:  –Ω–µ —É–¥–∞–ª–æ—Å—å –ø–æ–ª—É—á–∏—Ç—å –¥–∞–Ω–Ω—ã–µ –æ—Ç –∫–ª–∏–µ–Ω—Ç–∞: An existing connection was forcibly closed by the remote host.
	
2020-04-01 07:55:04.537 GMT [12092] –°–û–û–ë–©–ï–ù–ò–ï:  –Ω–µ–æ–∂–∏–¥–∞–Ω–Ω—ã–π –æ–±—Ä—ã–≤ —Å–æ–µ–¥–∏–Ω–µ–Ω–∏—è —Å –∫–ª–∏–µ–Ω—Ç–æ–º –ø—Ä–∏ –æ—Ç–∫—Ä—ã—Ç–æ–π —Ç—Ä–∞–Ω–∑–∞–∫—Ü–∏–∏
2020-04-01 07:55:21.641 GMT [13368] –°–û–û–ë–©–ï–ù–ò–ï:  –Ω–µ —É–¥–∞–ª–æ—Å—å –ø–æ–ª—É—á–∏—Ç—å –¥–∞–Ω–Ω—ã–µ –æ—Ç –∫–ª–∏–µ–Ω—Ç–∞: An existing connection was forcibly closed by the remote host.
	
2020-04-01 07:56:58.533 GMT [14284] –°–û–û–ë–©–ï–ù–ò–ï:  –Ω–µ —É–¥–∞–ª–æ—Å—å –ø–æ–ª—É—á–∏—Ç—å –¥–∞–Ω–Ω—ã–µ –æ—Ç –∫–ª–∏–µ–Ω—Ç–∞: An existing connection was forcibly closed by the remote host.
	
2020-04-01 07:57:10.640 GMT [12772] –°–û–û–ë–©–ï–ù–ò–ï:  –Ω–µ —É–¥–∞–ª–æ—Å—å –ø–æ–ª—É—á–∏—Ç—å –¥–∞–Ω–Ω—ã–µ –æ—Ç –∫–ª–∏–µ–Ω—Ç–∞: An existing connection was forcibly closed by the remote host.
	
2020-04-01 07:57:15.497 GMT [9660] –°–û–û–ë–©–ï–ù–ò–ï:  –Ω–µ —É–¥–∞–ª–æ—Å—å –ø–æ–ª—É—á–∏—Ç—å –¥–∞–Ω–Ω—ã–µ –æ—Ç –∫–ª–∏–µ–Ω—Ç–∞: An existing connection was forcibly closed by the remote host.
	
2020-04-01 07:59:07.112 GMT [13192] –û–®–ò–ë–ö–ê:  –Ω—É–ª–µ–≤–æ–µ –∑–Ω–∞—á–µ–Ω–∏–µ –≤ —Å—Ç–æ–ª–±—Ü–µ "entity_id" –Ω–∞—Ä—É—à–∞–µ—Ç –æ–≥—Ä–∞–Ω–∏—á–µ–Ω–∏–µ NOT NULL
2020-04-01 07:59:07.112 GMT [13192] –ü–û–î–†–û–ë–ù–û–°–¢–ò:  –û—à–∏–±–æ—á–Ω–∞—è —Å—Ç—Ä–æ–∫–∞ —Å–æ–¥–µ—Ä–∂–∏—Ç (951, 0, 8, null, false).
2020-04-01 07:59:07.112 GMT [13192] –û–ü–ï–†–ê–¢–û–†:  UPDATE public.prop_values SET entity_id=NULL WHERE public.prop_values.id = 951
2020-04-01 08:00:20.872 GMT [13192] –û–®–ò–ë–ö–ê:  –Ω—É–ª–µ–≤–æ–µ –∑–Ω–∞—á–µ–Ω–∏–µ –≤ —Å—Ç–æ–ª–±—Ü–µ "entity_id" –Ω–∞—Ä—É—à–∞–µ—Ç –æ–≥—Ä–∞–Ω–∏—á–µ–Ω–∏–µ NOT NULL
2020-04-01 08:00:20.872 GMT [13192] –ü–û–î–†–û–ë–ù–û–°–¢–ò:  –û—à–∏–±–æ—á–Ω–∞—è —Å—Ç—Ä–æ–∫–∞ —Å–æ–¥–µ—Ä–∂–∏—Ç (951, 0, 8, null, false).
2020-04-01 08:00:20.872 GMT [13192] –û–ü–ï–†–ê–¢–û–†:  UPDATE public.prop_values SET entity_id=NULL WHERE public.prop_values.id = 951
2020-04-01 08:00:33.566 GMT [13192] –û–®–ò–ë–ö–ê:  –Ω—É–ª–µ–≤–æ–µ –∑–Ω–∞—á–µ–Ω–∏–µ –≤ —Å—Ç–æ–ª–±—Ü–µ "entity_id" –Ω–∞—Ä—É—à–∞–µ—Ç –æ–≥—Ä–∞–Ω–∏—á–µ–Ω–∏–µ NOT NULL
2020-04-01 08:00:33.566 GMT [13192] –ü–û–î–†–û–ë–ù–û–°–¢–ò:  –û—à–∏–±–æ—á–Ω–∞—è —Å—Ç—Ä–æ–∫–∞ —Å–æ–¥–µ—Ä–∂–∏—Ç (951, 0, 8, null, false).
2020-04-01 08:00:33.566 GMT [13192] –û–ü–ï–†–ê–¢–û–†:  UPDATE public.prop_values SET entity_id=NULL WHERE public.prop_values.id = 951
2020-04-01 08:00:33.962 GMT [13192] –û–®–ò–ë–ö–ê:  –Ω—É–ª–µ–≤–æ–µ –∑–Ω–∞—á–µ–Ω–∏–µ –≤ —Å—Ç–æ–ª–±—Ü–µ "entity_id" –Ω–∞—Ä—É—à–∞–µ—Ç –æ–≥—Ä–∞–Ω–∏—á–µ–Ω–∏–µ NOT NULL
2020-04-01 08:00:33.962 GMT [13192] –ü–û–î–†–û–ë–ù–û–°–¢–ò:  –û—à–∏–±–æ—á–Ω–∞—è —Å—Ç—Ä–æ–∫–∞ —Å–æ–¥–µ—Ä–∂–∏—Ç (951, 0, 8, null, false).
2020-04-01 08:00:33.962 GMT [13192] –û–ü–ï–†–ê–¢–û–†:  UPDATE public.prop_values SET entity_id=NULL WHERE public.prop_values.id = 951
2020-04-01 08:06:49.688 GMT [13192] –°–û–û–ë–©–ï–ù–ò–ï:  –Ω–µ —É–¥–∞–ª–æ—Å—å –ø–æ–ª—É—á–∏—Ç—å –¥–∞–Ω–Ω—ã–µ –æ—Ç –∫–ª–∏–µ–Ω—Ç–∞: An existing connection was forcibly closed by the remote host.
	
2020-04-01 08:10:41.922 GMT [4420] –°–û–û–ë–©–ï–ù–ò–ï:  –Ω–µ —É–¥–∞–ª–æ—Å—å –ø–æ–ª—É—á–∏—Ç—å –¥–∞–Ω–Ω—ã–µ –æ—Ç –∫–ª–∏–µ–Ω—Ç–∞: An existing connection was forcibly closed by the remote host.
	
2020-04-01 09:32:31.911 GMT [11872] –°–û–û–ë–©–ï–ù–ò–ï:  –Ω–µ —É–¥–∞–ª–æ—Å—å –ø–æ–ª—É—á–∏—Ç—å –¥–∞–Ω–Ω—ã–µ –æ—Ç –∫–ª–∏–µ–Ω—Ç–∞: An existing connection was forcibly closed by the remote host.
	
