2020-04-16 04:20:04.557 GMT [3004] СООБЩЕНИЕ:  работа системы БД была прервана; последний момент работы: 2020-04-15 07:57:15 GMT
2020-04-16 04:20:04.967 GMT [3004] СООБЩЕНИЕ:  система БД была остановлена нештатно; производится автоматическое восстановление
2020-04-16 04:20:04.970 GMT [3004] СООБЩЕНИЕ:  запись REDO начинается со смещения 0/3460DE8
2020-04-16 04:20:04.970 GMT [3004] СООБЩЕНИЕ:  неверная длина записи по смещению 0/3460ED0: ожидалось 24, получено 0
2020-04-16 04:20:04.970 GMT [3004] СООБЩЕНИЕ:  записи REDO обработаны до смещения 0/3460E98
2020-04-16 04:20:04.992 GMT [6336] СООБЩЕНИЕ:  система БД готова принимать подключения
2020-04-16 04:24:00.025 GMT [11208] РћРЁРР‘РљРђ:  РЅСѓР»РµРІРѕРµ Р·РЅР°С‡РµРЅРёРµ РІ СЃС‚РѕР»Р±С†Рµ "value" РЅР°СЂСѓС€Р°РµС‚ РѕРіСЂР°РЅРёС‡РµРЅРёРµ NOT NULL
2020-04-16 04:24:00.025 GMT [11208] РџРћР”Р РћР‘РќРћРЎРўР:  РћС€РёР±РѕС‡РЅР°СЏ СЃС‚СЂРѕРєР° СЃРѕРґРµСЂР¶РёС‚ (123, null, null, null).
2020-04-16 04:24:00.025 GMT [11208] РћРџР•Р РђРўРћР :  INSERT INTO public.tests (value, description, interpetation_method_id) VALUES (NULL, NULL, NULL) RETURNING public.tests.id
2020-04-16 04:24:32.282 GMT [11208] РЎРћРћР‘Р©Р•РќРР•:  РЅРµ СѓРґР°Р»РѕСЃСЊ РїРѕР»СѓС‡РёС‚СЊ РґР°РЅРЅС‹Рµ РѕС‚ РєР»РёРµРЅС‚Р°: An existing connection was forcibly closed by the remote host.
	
2020-04-16 04:25:08.278 GMT [1064] РћРЁРР‘РљРђ:  РЅСѓР»РµРІРѕРµ Р·РЅР°С‡РµРЅРёРµ РІ СЃС‚РѕР»Р±С†Рµ "value" РЅР°СЂСѓС€Р°РµС‚ РѕРіСЂР°РЅРёС‡РµРЅРёРµ NOT NULL
2020-04-16 04:25:08.278 GMT [1064] РџРћР”Р РћР‘РќРћРЎРўР:  РћС€РёР±РѕС‡РЅР°СЏ СЃС‚СЂРѕРєР° СЃРѕРґРµСЂР¶РёС‚ (125, null, null, null).
2020-04-16 04:25:08.278 GMT [1064] РћРџР•Р РђРўРћР :  INSERT INTO public.tests (value, description, interpetation_method_id) VALUES (NULL, NULL, NULL) RETURNING public.tests.id
2020-04-16 04:26:35.455 GMT [11920] РћРЁРР‘РљРђ:  РЅСѓР»РµРІРѕРµ Р·РЅР°С‡РµРЅРёРµ РІ СЃС‚РѕР»Р±С†Рµ "value" РЅР°СЂСѓС€Р°РµС‚ РѕРіСЂР°РЅРёС‡РµРЅРёРµ NOT NULL
2020-04-16 04:26:35.455 GMT [11920] РџРћР”Р РћР‘РќРћРЎРўР:  РћС€РёР±РѕС‡РЅР°СЏ СЃС‚СЂРѕРєР° СЃРѕРґРµСЂР¶РёС‚ (127, null, null, null).
2020-04-16 04:26:35.455 GMT [11920] РћРџР•Р РђРўРћР :  INSERT INTO public.tests (value, description, interpetation_method_id) VALUES (NULL, NULL, NULL) RETURNING public.tests.id
2020-04-16 04:27:36.770 GMT [11920] РЎРћРћР‘Р©Р•РќРР•:  РЅРµ СѓРґР°Р»РѕСЃСЊ РїРѕР»СѓС‡РёС‚СЊ РґР°РЅРЅС‹Рµ РѕС‚ РєР»РёРµРЅС‚Р°: An existing connection was forcibly closed by the remote host.
	
2020-04-16 04:27:36.770 GMT [1064] РЎРћРћР‘Р©Р•РќРР•:  РЅРµ СѓРґР°Р»РѕСЃСЊ РїРѕР»СѓС‡РёС‚СЊ РґР°РЅРЅС‹Рµ РѕС‚ РєР»РёРµРЅС‚Р°: An existing connection was forcibly closed by the remote host.
	
2020-04-16 04:28:02.327 GMT [4928] РћРЁРР‘РљРђ:  РЅСѓР»РµРІРѕРµ Р·РЅР°С‡РµРЅРёРµ РІ СЃС‚РѕР»Р±С†Рµ "value" РЅР°СЂСѓС€Р°РµС‚ РѕРіСЂР°РЅРёС‡РµРЅРёРµ NOT NULL
2020-04-16 04:28:02.327 GMT [4928] РџРћР”Р РћР‘РќРћРЎРўР:  РћС€РёР±РѕС‡РЅР°СЏ СЃС‚СЂРѕРєР° СЃРѕРґРµСЂР¶РёС‚ (129, null, null, null).
2020-04-16 04:28:02.327 GMT [4928] РћРџР•Р РђРўРћР :  INSERT INTO public.tests (value, description, interpetation_method_id) VALUES (NULL, NULL, NULL) RETURNING public.tests.id
2020-04-16 04:29:33.867 GMT [1580] РћРЁРР‘РљРђ:  РЅСѓР»РµРІРѕРµ Р·РЅР°С‡РµРЅРёРµ РІ СЃС‚РѕР»Р±С†Рµ "value" РЅР°СЂСѓС€Р°РµС‚ РѕРіСЂР°РЅРёС‡РµРЅРёРµ NOT NULL
2020-04-16 04:29:33.867 GMT [1580] РџРћР”Р РћР‘РќРћРЎРўР:  РћС€РёР±РѕС‡РЅР°СЏ СЃС‚СЂРѕРєР° СЃРѕРґРµСЂР¶РёС‚ (131, null, null, null).
2020-04-16 04:29:33.867 GMT [1580] РћРџР•Р РђРўРћР :  INSERT INTO public.tests (value, description, interpetation_method_id) VALUES (NULL, NULL, NULL) RETURNING public.tests.id
2020-04-16 04:30:11.721 GMT [10256] РћРЁРР‘РљРђ:  РЅСѓР»РµРІРѕРµ Р·РЅР°С‡РµРЅРёРµ РІ СЃС‚РѕР»Р±С†Рµ "value" РЅР°СЂСѓС€Р°РµС‚ РѕРіСЂР°РЅРёС‡РµРЅРёРµ NOT NULL
2020-04-16 04:30:11.721 GMT [10256] РџРћР”Р РћР‘РќРћРЎРўР:  РћС€РёР±РѕС‡РЅР°СЏ СЃС‚СЂРѕРєР° СЃРѕРґРµСЂР¶РёС‚ (133, null, null, null).
2020-04-16 04:30:11.721 GMT [10256] РћРџР•Р РђРўРћР :  INSERT INTO public.tests (value, description, interpetation_method_id) VALUES (NULL, NULL, NULL) RETURNING public.tests.id
2020-04-16 04:31:52.840 GMT [4928] РЎРћРћР‘Р©Р•РќРР•:  РЅРµ СѓРґР°Р»РѕСЃСЊ РїРѕР»СѓС‡РёС‚СЊ РґР°РЅРЅС‹Рµ РѕС‚ РєР»РёРµРЅС‚Р°: An existing connection was forcibly closed by the remote host.
	
2020-04-16 04:31:52.840 GMT [10256] РЎРћРћР‘Р©Р•РќРР•:  РЅРµ СѓРґР°Р»РѕСЃСЊ РїРѕР»СѓС‡РёС‚СЊ РґР°РЅРЅС‹Рµ РѕС‚ РєР»РёРµРЅС‚Р°: An existing connection was forcibly closed by the remote host.
	
2020-04-16 04:31:52.840 GMT [1580] РЎРћРћР‘Р©Р•РќРР•:  РЅРµ СѓРґР°Р»РѕСЃСЊ РїРѕР»СѓС‡РёС‚СЊ РґР°РЅРЅС‹Рµ РѕС‚ РєР»РёРµРЅС‚Р°: An existing connection was forcibly closed by the remote host.
	
2020-04-16 04:32:28.256 GMT [2372] РћРЁРР‘РљРђ:  РЅСѓР»РµРІРѕРµ Р·РЅР°С‡РµРЅРёРµ РІ СЃС‚РѕР»Р±С†Рµ "value" РЅР°СЂСѓС€Р°РµС‚ РѕРіСЂР°РЅРёС‡РµРЅРёРµ NOT NULL
2020-04-16 04:32:28.256 GMT [2372] РџРћР”Р РћР‘РќРћРЎРўР:  РћС€РёР±РѕС‡РЅР°СЏ СЃС‚СЂРѕРєР° СЃРѕРґРµСЂР¶РёС‚ (135, null, null, null).
2020-04-16 04:32:28.256 GMT [2372] РћРџР•Р РђРўРћР :  INSERT INTO public.tests (value, description, interpetation_method_id) VALUES (NULL, NULL, NULL) RETURNING public.tests.id
2020-04-16 04:32:53.850 GMT [2372] РЎРћРћР‘Р©Р•РќРР•:  РЅРµ СѓРґР°Р»РѕСЃСЊ РїРѕР»СѓС‡РёС‚СЊ РґР°РЅРЅС‹Рµ РѕС‚ РєР»РёРµРЅС‚Р°: An existing connection was forcibly closed by the remote host.
	
2020-04-16 04:33:13.363 GMT [7412] РЎРћРћР‘Р©Р•РќРР•:  РЅРµ СѓРґР°Р»РѕСЃСЊ РїРѕР»СѓС‡РёС‚СЊ РґР°РЅРЅС‹Рµ РѕС‚ РєР»РёРµРЅС‚Р°: An existing connection was forcibly closed by the remote host.
	
2020-04-16 04:33:22.810 GMT [6496] РћРЁРР‘РљРђ:  РЅСѓР»РµРІРѕРµ Р·РЅР°С‡РµРЅРёРµ РІ СЃС‚РѕР»Р±С†Рµ "value" РЅР°СЂСѓС€Р°РµС‚ РѕРіСЂР°РЅРёС‡РµРЅРёРµ NOT NULL
2020-04-16 04:33:22.810 GMT [6496] РџРћР”Р РћР‘РќРћРЎРўР:  РћС€РёР±РѕС‡РЅР°СЏ СЃС‚СЂРѕРєР° СЃРѕРґРµСЂР¶РёС‚ (138, null, null, null).
2020-04-16 04:33:22.810 GMT [6496] РћРџР•Р РђРўРћР :  INSERT INTO public.tests (value, description, interpetation_method_id) VALUES (NULL, NULL, NULL) RETURNING public.tests.id
2020-04-16 04:33:37.090 GMT [6496] РЎРћРћР‘Р©Р•РќРР•:  РЅРµ СѓРґР°Р»РѕСЃСЊ РїРѕР»СѓС‡РёС‚СЊ РґР°РЅРЅС‹Рµ РѕС‚ РєР»РёРµРЅС‚Р°: An existing connection was forcibly closed by the remote host.
	
2020-04-16 04:39:57.970 GMT [1532] РЎРћРћР‘Р©Р•РќРР•:  РЅРµ СѓРґР°Р»РѕСЃСЊ РїРѕР»СѓС‡РёС‚СЊ РґР°РЅРЅС‹Рµ РѕС‚ РєР»РёРµРЅС‚Р°: An existing connection was forcibly closed by the remote host.
	
2020-04-16 05:01:27.189 GMT [10308] РЎРћРћР‘Р©Р•РќРР•:  РЅРµ СѓРґР°Р»РѕСЃСЊ РїРѕР»СѓС‡РёС‚СЊ РґР°РЅРЅС‹Рµ РѕС‚ РєР»РёРµРЅС‚Р°: An existing connection was forcibly closed by the remote host.
	
2020-04-16 08:39:40.204 GMT [6336] СООБЩЕНИЕ:  получен запрос на быстрое выключение
2020-04-16 08:39:40.207 GMT [6336] СООБЩЕНИЕ:  прерывание всех активных транзакций
2020-04-16 08:39:40.208 GMT [13876] Р’РђР–РќРћ:  Р·Р°РєСЂС‹С‚РёРµ РїРѕРґРєР»СЋС‡РµРЅРёСЏ РїРѕ РєРѕРјР°РЅРґРµ Р°РґРјРёРЅРёСЃС‚СЂР°С‚РѕСЂР°
2020-04-16 08:39:40.208 GMT [13336] Р’РђР–РќРћ:  Р·Р°РєСЂС‹С‚РёРµ РїРѕРґРєР»СЋС‡РµРЅРёСЏ РїРѕ РєРѕРјР°РЅРґРµ Р°РґРјРёРЅРёСЃС‚СЂР°С‚РѕСЂР°
2020-04-16 08:39:40.210 GMT [6004] Р’РђР–РќРћ:  Р·Р°РєСЂС‹С‚РёРµ РїРѕРґРєР»СЋС‡РµРЅРёСЏ РїРѕ РєРѕРјР°РЅРґРµ Р°РґРјРёРЅРёСЃС‚СЂР°С‚РѕСЂР°
2020-04-16 08:39:40.211 GMT [3300] Р’РђР–РќРћ:  Р·Р°РєСЂС‹С‚РёРµ РїРѕРґРєР»СЋС‡РµРЅРёСЏ РїРѕ РєРѕРјР°РЅРґРµ Р°РґРјРёРЅРёСЃС‚СЂР°С‚РѕСЂР°
2020-04-16 08:39:40.211 GMT [13928] Р’РђР–РќРћ:  Р·Р°РєСЂС‹С‚РёРµ РїРѕРґРєР»СЋС‡РµРЅРёСЏ РїРѕ РєРѕРјР°РЅРґРµ Р°РґРјРёРЅРёСЃС‚СЂР°С‚РѕСЂР°
2020-04-16 08:39:40.213 GMT [6336] СООБЩЕНИЕ:  фоновый процесс "logical replication launcher" (PID 6848) завершился с кодом выхода 1
2020-04-16 08:39:40.218 GMT [2528] СООБЩЕНИЕ:  выключение
2020-04-16 08:39:40.235 GMT [6336] СООБЩЕНИЕ:  система БД выключена
