2020-04-20 09:33:18.167 GMT [12176] —ŒŒ¡Ÿ≈Õ»≈:  ÒËÒÚÂÏ‡ ¡ƒ ·˚Î‡ ‚˚ÍÎ˛˜ÂÌ‡: 2020-04-20 09:33:15 GMT
2020-04-20 09:33:18.182 GMT [7356] —ŒŒ¡Ÿ≈Õ»≈:  ÒËÒÚÂÏ‡ ¡ƒ „ÓÚÓ‚‡ ÔËÌËÏ‡Ú¸ ÔÓ‰ÍÎ˛˜ÂÌËˇ
2020-04-20 10:07:34.720 GMT [9256] –û–®–ò–ë–ö–ê:  –∑–Ω–∞—á–µ–Ω–∏–µ –Ω–µ —É–º–µ—â–∞–µ—Ç—Å—è –≤ —Ç–∏–ø character(1)
2020-04-20 10:07:34.720 GMT [9256] –û–ü–ï–†–ê–¢–û–†:  INSERT INTO public.streets (value) VALUES ('–ù–æ—Ä–∏–ª—å—Å–∫–∞—è') RETURNING public.streets.id
2020-04-20 10:08:26.465 GMT [9256] –°–û–û–ë–©–ï–ù–ò–ï:  –Ω–µ —É–¥–∞–ª–æ—Å—å –ø–æ–ª—É—á–∏—Ç—å –¥–∞–Ω–Ω—ã–µ –æ—Ç –∫–ª–∏–µ–Ω—Ç–∞: An existing connection was forcibly closed by the remote host.
	
2020-04-20 10:08:33.875 GMT [11500] –û–®–ò–ë–ö–ê:  –∑–Ω–∞—á–µ–Ω–∏–µ –Ω–µ —É–º–µ—â–∞–µ—Ç—Å—è –≤ —Ç–∏–ø character(1)
2020-04-20 10:08:33.875 GMT [11500] –û–ü–ï–†–ê–¢–û–†:  INSERT INTO public.streets (value) VALUES ('–ù–æ—Ä–∏–ª—å—Å–∫–∞—è') RETURNING public.streets.id
2020-04-20 10:09:30.753 GMT [11500] –°–û–û–ë–©–ï–ù–ò–ï:  –Ω–µ —É–¥–∞–ª–æ—Å—å –ø–æ–ª—É—á–∏—Ç—å –¥–∞–Ω–Ω—ã–µ –æ—Ç –∫–ª–∏–µ–Ω—Ç–∞: An existing connection was forcibly closed by the remote host.
	
2020-04-20 10:09:33.450 GMT [12800] –û–®–ò–ë–ö–ê:  –∑–Ω–∞—á–µ–Ω–∏–µ –Ω–µ —É–º–µ—â–∞–µ—Ç—Å—è –≤ —Ç–∏–ø character(1)
2020-04-20 10:09:33.450 GMT [12800] –û–ü–ï–†–ê–¢–û–†:  INSERT INTO public.streets (value) VALUES ('–ù–æ—Ä–∏–ª—å—Å–∫–∞—è') RETURNING public.streets.id
2020-04-20 10:10:21.045 GMT [12620] –û–®–ò–ë–ö–ê:  –Ω—É–ª–µ–≤–æ–µ –∑–Ω–∞—á–µ–Ω–∏–µ –≤ —Å—Ç–æ–ª–±—Ü–µ "number" –Ω–∞—Ä—É—à–∞–µ—Ç –æ–≥—Ä–∞–Ω–∏—á–µ–Ω–∏–µ NOT NULL
2020-04-20 10:10:21.045 GMT [12620] –ü–û–î–†–û–ë–ù–û–°–¢–ò:  –û—à–∏–±–æ—á–Ω–∞—è —Å—Ç—Ä–æ–∫–∞ —Å–æ–¥–µ—Ä–∂–∏—Ç (1, null, 1, 1, 5, 7).
2020-04-20 10:10:21.045 GMT [12620] –û–ü–ï–†–ê–¢–û–†:  INSERT INTO public.houses (number, street_id, district_id, min_laying_depth, max_laying_depth) VALUES (NULL, 1, 1, 5.0, 7.0) RETURNING public.houses.id
2020-04-20 10:12:09.722 GMT [12800] –°–û–û–ë–©–ï–ù–ò–ï:  –Ω–µ —É–¥–∞–ª–æ—Å—å –ø–æ–ª—É—á–∏—Ç—å –¥–∞–Ω–Ω—ã–µ –æ—Ç –∫–ª–∏–µ–Ω—Ç–∞: An existing connection was forcibly closed by the remote host.
	
2020-04-20 10:12:09.722 GMT [12620] –°–û–û–ë–©–ï–ù–ò–ï:  –Ω–µ —É–¥–∞–ª–æ—Å—å –ø–æ–ª—É—á–∏—Ç—å –¥–∞–Ω–Ω—ã–µ –æ—Ç –∫–ª–∏–µ–Ω—Ç–∞: An existing connection was forcibly closed by the remote host.
	
2020-04-20 10:14:44.285 GMT [4520] –°–û–û–ë–©–ï–ù–ò–ï:  –Ω–µ —É–¥–∞–ª–æ—Å—å –ø–æ–ª—É—á–∏—Ç—å –¥–∞–Ω–Ω—ã–µ –æ—Ç –∫–ª–∏–µ–Ω—Ç–∞: An existing connection was forcibly closed by the remote host.
	
2020-04-20 10:16:05.255 GMT [9496] –°–û–û–ë–©–ï–ù–ò–ï:  –Ω–µ —É–¥–∞–ª–æ—Å—å –ø–æ–ª—É—á–∏—Ç—å –¥–∞–Ω–Ω—ã–µ –æ—Ç –∫–ª–∏–µ–Ω—Ç–∞: An existing connection was forcibly closed by the remote host.
	
2020-04-20 10:23:23.973 GMT [10808] –°–û–û–ë–©–ï–ù–ò–ï:  –Ω–µ —É–¥–∞–ª–æ—Å—å –ø–æ–ª—É—á–∏—Ç—å –¥–∞–Ω–Ω—ã–µ –æ—Ç –∫–ª–∏–µ–Ω—Ç–∞: An existing connection was forcibly closed by the remote host.
	
2020-04-20 10:26:55.296 GMT [5792] –°–û–û–ë–©–ï–ù–ò–ï:  –Ω–µ —É–¥–∞–ª–æ—Å—å –ø–æ–ª—É—á–∏—Ç—å –¥–∞–Ω–Ω—ã–µ –æ—Ç –∫–ª–∏–µ–Ω—Ç–∞: An existing connection was forcibly closed by the remote host.
	
2020-04-20 10:27:38.873 GMT [2972] –°–û–û–ë–©–ï–ù–ò–ï:  –Ω–µ —É–¥–∞–ª–æ—Å—å –ø–æ–ª—É—á–∏—Ç—å –¥–∞–Ω–Ω—ã–µ –æ—Ç –∫–ª–∏–µ–Ω—Ç–∞: An existing connection was forcibly closed by the remote host.
	
2020-04-20 10:29:29.882 GMT [11588] –°–û–û–ë–©–ï–ù–ò–ï:  –Ω–µ —É–¥–∞–ª–æ—Å—å –ø–æ–ª—É—á–∏—Ç—å –¥–∞–Ω–Ω—ã–µ –æ—Ç –∫–ª–∏–µ–Ω—Ç–∞: An existing connection was forcibly closed by the remote host.
	
2020-04-20 10:32:26.041 GMT [4888] –°–û–û–ë–©–ï–ù–ò–ï:  –Ω–µ —É–¥–∞–ª–æ—Å—å –ø–æ–ª—É—á–∏—Ç—å –¥–∞–Ω–Ω—ã–µ –æ—Ç –∫–ª–∏–µ–Ω—Ç–∞: An existing connection was forcibly closed by the remote host.
	
2020-04-20 10:33:08.606 GMT [11196] –°–û–û–ë–©–ï–ù–ò–ï:  –Ω–µ —É–¥–∞–ª–æ—Å—å –ø–æ–ª—É—á–∏—Ç—å –¥–∞–Ω–Ω—ã–µ –æ—Ç –∫–ª–∏–µ–Ω—Ç–∞: An existing connection was forcibly closed by the remote host.
	
2020-04-20 10:34:10.681 GMT [11480] –°–û–û–ë–©–ï–ù–ò–ï:  –Ω–µ —É–¥–∞–ª–æ—Å—å –ø–æ–ª—É—á–∏—Ç—å –¥–∞–Ω–Ω—ã–µ –æ—Ç –∫–ª–∏–µ–Ω—Ç–∞: An existing connection was forcibly closed by the remote host.
	
2020-04-20 10:34:10.681 GMT [11480] –°–û–û–ë–©–ï–ù–ò–ï:  –Ω–µ–æ–∂–∏–¥–∞–Ω–Ω—ã–π –æ–±—Ä—ã–≤ —Å–æ–µ–¥–∏–Ω–µ–Ω–∏—è —Å –∫–ª–∏–µ–Ω—Ç–æ–º –ø—Ä–∏ –æ—Ç–∫—Ä—ã—Ç–æ–π —Ç—Ä–∞–Ω–∑–∞–∫—Ü–∏–∏
2020-04-20 10:36:14.879 GMT [10680] –°–û–û–ë–©–ï–ù–ò–ï:  –Ω–µ —É–¥–∞–ª–æ—Å—å –ø–æ–ª—É—á–∏—Ç—å –¥–∞–Ω–Ω—ã–µ –æ—Ç –∫–ª–∏–µ–Ω—Ç–∞: An existing connection was forcibly closed by the remote host.
	
2020-04-20 10:53:07.833 GMT [3804] –°–û–û–ë–©–ï–ù–ò–ï:  –Ω–µ —É–¥–∞–ª–æ—Å—å –ø–æ–ª—É—á–∏—Ç—å –¥–∞–Ω–Ω—ã–µ –æ—Ç –∫–ª–∏–µ–Ω—Ç–∞: An existing connection was forcibly closed by the remote host.
	
