2020-03-15 09:40:41.540 GMT [16908] СООБЩЕНИЕ:  работа системы БД была прервана; последний момент работы: 2020-03-15 08:53:11 GMT
2020-03-15 09:40:41.976 GMT [16908] СООБЩЕНИЕ:  система БД была остановлена нештатно; производится автоматическое восстановление
2020-03-15 09:40:41.980 GMT [16908] СООБЩЕНИЕ:  запись REDO начинается со смещения 0/169CBC0
2020-03-15 09:40:41.981 GMT [16908] СООБЩЕНИЕ:  неверная длина записи по смещению 0/169CCA8: ожидалось 24, получено 0
2020-03-15 09:40:41.981 GMT [16908] СООБЩЕНИЕ:  записи REDO обработаны до смещения 0/169CC70
2020-03-15 09:40:42.031 GMT [14720] СООБЩЕНИЕ:  система БД готова принимать подключения
2020-03-15 09:42:14.963 GMT [16540] РћРЁРР‘РљРђ:  РѕС€РёР±РєР° СЃРёРЅС‚Р°РєСЃРёСЃР° (РїСЂРёРјРµСЂРЅРѕРµ РїРѕР»РѕР¶РµРЅРёРµ: ""WebPredictionDB"") (СЃРёРјРІРѕР» 8)
2020-03-15 09:42:14.963 GMT [16540] РћРџР•Р РђРўРћР :  DELETE "WebPredictionDB"
2020-03-15 09:42:57.244 GMT [16540] РћРЁРР‘РљРђ:  РѕС€РёР±РєР° СЃРёРЅС‚Р°РєСЃРёСЃР° (РїСЂРёРјРµСЂРЅРѕРµ РїРѕР»РѕР¶РµРЅРёРµ: ""WebPredictionDB"") (СЃРёРјРІРѕР» 6)
2020-03-15 09:42:57.244 GMT [16540] РћРџР•Р РђРўРћР :  Drop "WebPredictionDB"
2020-03-15 09:42:58.200 GMT [16540] РћРЁРР‘РљРђ:  РѕС€РёР±РєР° СЃРёРЅС‚Р°РєСЃРёСЃР° (РїСЂРёРјРµСЂРЅРѕРµ РїРѕР»РѕР¶РµРЅРёРµ: ""WebPredictionDB"") (СЃРёРјРІРѕР» 6)
2020-03-15 09:42:58.200 GMT [16540] РћРџР•Р РђРўРћР :  Drop "WebPredictionDB"
2020-03-15 09:43:02.663 GMT [16540] РћРЁРР‘РљРђ:  РѕС€РёР±РєР° СЃРёРЅС‚Р°РєСЃРёСЃР° (РїСЂРёРјРµСЂРЅРѕРµ РїРѕР»РѕР¶РµРЅРёРµ: "WebPredictionDB") (СЃРёРјРІРѕР» 6)
2020-03-15 09:43:02.663 GMT [16540] РћРџР•Р РђРўРћР :  Drop WebPredictionDB
2020-03-15 09:43:03.499 GMT [16540] РћРЁРР‘РљРђ:  РѕС€РёР±РєР° СЃРёРЅС‚Р°РєСЃРёСЃР° (РїСЂРёРјРµСЂРЅРѕРµ РїРѕР»РѕР¶РµРЅРёРµ: "WebPredictionDB") (СЃРёРјРІРѕР» 6)
2020-03-15 09:43:03.499 GMT [16540] РћРџР•Р РђРўРћР :  Drop WebPredictionDB
2020-03-15 09:43:05.000 GMT [16540] РћРЁРР‘РљРђ:  РѕС€РёР±РєР° СЃРёРЅС‚Р°РєСЃРёСЃР° (РїСЂРёРјРµСЂРЅРѕРµ РїРѕР»РѕР¶РµРЅРёРµ: "WebPredictionDB") (СЃРёРјРІРѕР» 6)
2020-03-15 09:43:05.000 GMT [16540] РћРџР•Р РђРўРћР :  Drop WebPredictionDB
2020-03-15 09:43:28.882 GMT [16540] РћРЁРР‘РљРђ:  Р±Р°Р·Р° РґР°РЅРЅС‹С… "webpredictiondb" РЅРµ СЃСѓС‰РµСЃС‚РІСѓРµС‚
2020-03-15 09:43:28.882 GMT [16540] РћРџР•Р РђРўРћР :  Drop database WebPredictionDB
2020-03-15 09:43:30.116 GMT [16540] РћРЁРР‘РљРђ:  Р±Р°Р·Р° РґР°РЅРЅС‹С… "webpredictiondb" РЅРµ СЃСѓС‰РµСЃС‚РІСѓРµС‚
2020-03-15 09:43:30.116 GMT [16540] РћРџР•Р РђРўРћР :  Drop database WebPredictionDB
2020-03-15 09:43:35.104 GMT [16540] РћРЁРР‘РљРђ:  СѓРґР°Р»РёС‚СЊ Р±Р°Р·Сѓ РґР°РЅРЅС‹С…, РѕС‚РєСЂС‹С‚СѓСЋ РІ РґР°РЅРЅС‹Р№ РјРѕРјРµРЅС‚, РЅРµР»СЊР·СЏ
2020-03-15 09:43:35.104 GMT [16540] РћРџР•Р РђРўРћР :  Drop database "WebPredictionDB"
2020-03-15 09:43:37.667 GMT [16540] РћРЁРР‘РљРђ:  СѓРґР°Р»РёС‚СЊ Р±Р°Р·Сѓ РґР°РЅРЅС‹С…, РѕС‚РєСЂС‹С‚СѓСЋ РІ РґР°РЅРЅС‹Р№ РјРѕРјРµРЅС‚, РЅРµР»СЊР·СЏ
2020-03-15 09:43:37.667 GMT [16540] РћРџР•Р РђРўРћР :  Drop database "WebPredictionDB"
2020-03-15 09:43:38.138 GMT [16540] РћРЁРР‘РљРђ:  СѓРґР°Р»РёС‚СЊ Р±Р°Р·Сѓ РґР°РЅРЅС‹С…, РѕС‚РєСЂС‹С‚СѓСЋ РІ РґР°РЅРЅС‹Р№ РјРѕРјРµРЅС‚, РЅРµР»СЊР·СЏ
2020-03-15 09:43:38.138 GMT [16540] РћРџР•Р РђРўРћР :  Drop database "WebPredictionDB"
2020-03-15 09:43:38.813 GMT [16540] РћРЁРР‘РљРђ:  СѓРґР°Р»РёС‚СЊ Р±Р°Р·Сѓ РґР°РЅРЅС‹С…, РѕС‚РєСЂС‹С‚СѓСЋ РІ РґР°РЅРЅС‹Р№ РјРѕРјРµРЅС‚, РЅРµР»СЊР·СЏ
2020-03-15 09:43:38.813 GMT [16540] РћРџР•Р РђРўРћР :  Drop database "WebPredictionDB"
2020-03-15 09:43:39.203 GMT [16540] РћРЁРР‘РљРђ:  СѓРґР°Р»РёС‚СЊ Р±Р°Р·Сѓ РґР°РЅРЅС‹С…, РѕС‚РєСЂС‹С‚СѓСЋ РІ РґР°РЅРЅС‹Р№ РјРѕРјРµРЅС‚, РЅРµР»СЊР·СЏ
2020-03-15 09:43:39.203 GMT [16540] РћРџР•Р РђРўРћР :  Drop database "WebPredictionDB"
2020-03-15 09:43:39.771 GMT [16540] РћРЁРР‘РљРђ:  СѓРґР°Р»РёС‚СЊ Р±Р°Р·Сѓ РґР°РЅРЅС‹С…, РѕС‚РєСЂС‹С‚СѓСЋ РІ РґР°РЅРЅС‹Р№ РјРѕРјРµРЅС‚, РЅРµР»СЊР·СЏ
2020-03-15 09:43:39.771 GMT [16540] РћРџР•Р РђРўРћР :  Drop database "WebPredictionDB"
2020-03-15 09:43:40.191 GMT [16540] РћРЁРР‘РљРђ:  СѓРґР°Р»РёС‚СЊ Р±Р°Р·Сѓ РґР°РЅРЅС‹С…, РѕС‚РєСЂС‹С‚СѓСЋ РІ РґР°РЅРЅС‹Р№ РјРѕРјРµРЅС‚, РЅРµР»СЊР·СЏ
2020-03-15 09:43:40.191 GMT [16540] РћРџР•Р РђРўРћР :  Drop database "WebPredictionDB"
2020-03-15 09:43:40.624 GMT [16540] РћРЁРР‘РљРђ:  СѓРґР°Р»РёС‚СЊ Р±Р°Р·Сѓ РґР°РЅРЅС‹С…, РѕС‚РєСЂС‹С‚СѓСЋ РІ РґР°РЅРЅС‹Р№ РјРѕРјРµРЅС‚, РЅРµР»СЊР·СЏ
2020-03-15 09:43:40.624 GMT [16540] РћРџР•Р РђРўРћР :  Drop database "WebPredictionDB"
2020-03-15 09:43:41.030 GMT [16540] РћРЁРР‘РљРђ:  СѓРґР°Р»РёС‚СЊ Р±Р°Р·Сѓ РґР°РЅРЅС‹С…, РѕС‚РєСЂС‹С‚СѓСЋ РІ РґР°РЅРЅС‹Р№ РјРѕРјРµРЅС‚, РЅРµР»СЊР·СЏ
2020-03-15 09:43:41.030 GMT [16540] РћРџР•Р РђРўРћР :  Drop database "WebPredictionDB"
2020-03-15 09:43:41.546 GMT [16540] РћРЁРР‘РљРђ:  СѓРґР°Р»РёС‚СЊ Р±Р°Р·Сѓ РґР°РЅРЅС‹С…, РѕС‚РєСЂС‹С‚СѓСЋ РІ РґР°РЅРЅС‹Р№ РјРѕРјРµРЅС‚, РЅРµР»СЊР·СЏ
2020-03-15 09:43:41.546 GMT [16540] РћРџР•Р РђРўРћР :  Drop database "WebPredictionDB"
2020-03-15 09:43:41.957 GMT [16540] РћРЁРР‘РљРђ:  СѓРґР°Р»РёС‚СЊ Р±Р°Р·Сѓ РґР°РЅРЅС‹С…, РѕС‚РєСЂС‹С‚СѓСЋ РІ РґР°РЅРЅС‹Р№ РјРѕРјРµРЅС‚, РЅРµР»СЊР·СЏ
2020-03-15 09:43:41.957 GMT [16540] РћРџР•Р РђРўРћР :  Drop database "WebPredictionDB"
2020-03-15 09:43:42.422 GMT [16540] РћРЁРР‘РљРђ:  СѓРґР°Р»РёС‚СЊ Р±Р°Р·Сѓ РґР°РЅРЅС‹С…, РѕС‚РєСЂС‹С‚СѓСЋ РІ РґР°РЅРЅС‹Р№ РјРѕРјРµРЅС‚, РЅРµР»СЊР·СЏ
2020-03-15 09:43:42.422 GMT [16540] РћРџР•Р РђРўРћР :  Drop database "WebPredictionDB"
2020-03-15 09:43:42.751 GMT [16540] РћРЁРР‘РљРђ:  СѓРґР°Р»РёС‚СЊ Р±Р°Р·Сѓ РґР°РЅРЅС‹С…, РѕС‚РєСЂС‹С‚СѓСЋ РІ РґР°РЅРЅС‹Р№ РјРѕРјРµРЅС‚, РЅРµР»СЊР·СЏ
2020-03-15 09:43:42.751 GMT [16540] РћРџР•Р РђРўРћР :  Drop database "WebPredictionDB"
2020-03-15 09:43:43.005 GMT [16540] РћРЁРР‘РљРђ:  СѓРґР°Р»РёС‚СЊ Р±Р°Р·Сѓ РґР°РЅРЅС‹С…, РѕС‚РєСЂС‹С‚СѓСЋ РІ РґР°РЅРЅС‹Р№ РјРѕРјРµРЅС‚, РЅРµР»СЊР·СЏ
2020-03-15 09:43:43.005 GMT [16540] РћРџР•Р РђРўРћР :  Drop database "WebPredictionDB"
2020-03-15 09:43:43.149 GMT [16540] РћРЁРР‘РљРђ:  СѓРґР°Р»РёС‚СЊ Р±Р°Р·Сѓ РґР°РЅРЅС‹С…, РѕС‚РєСЂС‹С‚СѓСЋ РІ РґР°РЅРЅС‹Р№ РјРѕРјРµРЅС‚, РЅРµР»СЊР·СЏ
2020-03-15 09:43:43.149 GMT [16540] РћРџР•Р РђРўРћР :  Drop database "WebPredictionDB"
2020-03-15 09:43:43.273 GMT [16540] РћРЁРР‘РљРђ:  СѓРґР°Р»РёС‚СЊ Р±Р°Р·Сѓ РґР°РЅРЅС‹С…, РѕС‚РєСЂС‹С‚СѓСЋ РІ РґР°РЅРЅС‹Р№ РјРѕРјРµРЅС‚, РЅРµР»СЊР·СЏ
2020-03-15 09:43:43.273 GMT [16540] РћРџР•Р РђРўРћР :  Drop database "WebPredictionDB"
2020-03-15 09:43:43.467 GMT [16540] РћРЁРР‘РљРђ:  СѓРґР°Р»РёС‚СЊ Р±Р°Р·Сѓ РґР°РЅРЅС‹С…, РѕС‚РєСЂС‹С‚СѓСЋ РІ РґР°РЅРЅС‹Р№ РјРѕРјРµРЅС‚, РЅРµР»СЊР·СЏ
2020-03-15 09:43:43.467 GMT [16540] РћРџР•Р РђРўРћР :  Drop database "WebPredictionDB"
2020-03-15 09:45:01.812 GMT [14720] СООБЩЕНИЕ:  получен запрос на быстрое выключение
2020-03-15 09:45:01.815 GMT [14720] СООБЩЕНИЕ:  прерывание всех активных транзакций
2020-03-15 09:45:01.815 GMT [16820] Р’РђР–РќРћ:  Р·Р°РєСЂС‹С‚РёРµ РїРѕРґРєР»СЋС‡РµРЅРёСЏ РїРѕ РєРѕРјР°РЅРґРµ Р°РґРјРёРЅРёСЃС‚СЂР°С‚РѕСЂР°
2020-03-15 09:45:01.815 GMT [16540] Р’РђР–РќРћ:  Р·Р°РєСЂС‹С‚РёРµ РїРѕРґРєР»СЋС‡РµРЅРёСЏ РїРѕ РєРѕРјР°РЅРґРµ Р°РґРјРёРЅРёСЃС‚СЂР°С‚РѕСЂР°
2020-03-15 09:45:01.816 GMT [2500] Р’РђР–РќРћ:  Р·Р°РєСЂС‹С‚РёРµ РїРѕРґРєР»СЋС‡РµРЅРёСЏ РїРѕ РєРѕРјР°РЅРґРµ Р°РґРјРёРЅРёСЃС‚СЂР°С‚РѕСЂР°
2020-03-15 09:45:01.820 GMT [14720] СООБЩЕНИЕ:  фоновый процесс "logical replication launcher" (PID 13792) завершился с кодом выхода 1
2020-03-15 09:45:01.835 GMT [2080] СООБЩЕНИЕ:  выключение
2020-03-15 09:45:01.871 GMT [14720] СООБЩЕНИЕ:  система БД выключена
