2020-04-10 05:40:34.849 GMT [13336] СООБЩЕНИЕ:  работа системы БД была прервана; последний момент работы: 2020-04-10 06:56:36 GMT
2020-04-10 05:40:35.374 GMT [13336] СООБЩЕНИЕ:  система БД была остановлена нештатно; производится автоматическое восстановление
2020-04-10 05:40:35.377 GMT [13336] СООБЩЕНИЕ:  запись REDO начинается со смещения 0/30F7738
2020-04-10 05:40:35.377 GMT [13336] СООБЩЕНИЕ:  неверная длина записи по смещению 0/30F7820: ожидалось 24, получено 0
2020-04-10 05:40:35.377 GMT [13336] СООБЩЕНИЕ:  записи REDO обработаны до смещения 0/30F77E8
2020-04-10 05:40:35.402 GMT [14316] СООБЩЕНИЕ:  система БД готова принимать подключения
2020-04-10 05:49:03.844 GMT [14316] СООБЩЕНИЕ:  фоновый процесс "logical replication launcher" (PID 13620) был прерван исключением 0xC000013A
2020-04-10 05:49:03.844 GMT [14316] ПОДСКАЗКА:  Описание этого шестнадцатеричного значения ищите во включаемом C-файле "ntstatus.h"
2020-04-10 05:49:03.844 GMT [14316] СООБЩЕНИЕ:  завершение всех остальных активных серверных процессов
2020-04-10 05:49:03.845 GMT [14316] СООБЩЕНИЕ:  процесс сбора статистики (PID 14284) был прерван исключением 0xC000013A
2020-04-10 05:49:03.845 GMT [14316] ПОДСКАЗКА:  Описание этого шестнадцатеричного значения ищите во включаемом C-файле "ntstatus.h"
2020-04-10 05:49:03.847 GMT [14316] СООБЩЕНИЕ:  все серверные процессы завершены... переинициализация
2020-04-10 05:49:03.977 GMT [1348] СООБЩЕНИЕ:  работа системы БД была прервана; последний момент работы: 2020-04-10 05:40:35 GMT
2020-04-10 05:49:04.423 GMT [1348] СООБЩЕНИЕ:  система БД была остановлена нештатно; производится автоматическое восстановление
2020-04-10 05:49:04.426 GMT [1348] СООБЩЕНИЕ:  запись REDO начинается со смещения 0/30F7898
2020-04-10 05:49:04.426 GMT [1348] СООБЩЕНИЕ:  неверная длина записи по смещению 0/30F78D0: ожидалось 24, получено 0
2020-04-10 05:49:04.426 GMT [1348] СООБЩЕНИЕ:  записи REDO обработаны до смещения 0/30F7898
2020-04-10 05:49:04.452 GMT [14316] СООБЩЕНИЕ:  система БД готова принимать подключения
2020-04-10 05:59:04.373 GMT [14316] СООБЩЕНИЕ:  процесс сбора статистики (PID 5756) был прерван исключением 0x40010004
2020-04-10 05:59:04.373 GMT [14316] ПОДСКАЗКА:  Описание этого шестнадцатеричного значения ищите во включаемом C-файле "ntstatus.h"
