2020-03-21 04:09:42.863 GMT [11172] РЎРћРћР‘Р©Р•РќРР•:  РЅРµ СѓРґР°Р»РѕСЃСЊ РїРѕР»СѓС‡РёС‚СЊ РґР°РЅРЅС‹Рµ РѕС‚ РєР»РёРµРЅС‚Р°: An existing connection was forcibly closed by the remote host.
	
2020-03-21 04:38:03.023 GMT [3336] РЎРћРћР‘Р©Р•РќРР•:  РЅРµ СѓРґР°Р»РѕСЃСЊ РїРѕР»СѓС‡РёС‚СЊ РґР°РЅРЅС‹Рµ РѕС‚ РєР»РёРµРЅС‚Р°: An existing connection was forcibly closed by the remote host.
	
2020-03-21 04:38:03.023 GMT [3336] РЎРћРћР‘Р©Р•РќРР•:  РЅРµРѕР¶РёРґР°РЅРЅС‹Р№ РѕР±СЂС‹РІ СЃРѕРµРґРёРЅРµРЅРёСЏ СЃ РєР»РёРµРЅС‚РѕРј РїСЂРё РѕС‚РєСЂС‹С‚РѕР№ С‚СЂР°РЅР·Р°РєС†РёРё
2020-03-21 05:04:17.560 GMT [18664] РЎРћРћР‘Р©Р•РќРР•:  РЅРµ СѓРґР°Р»РѕСЃСЊ РїРѕР»СѓС‡РёС‚СЊ РґР°РЅРЅС‹Рµ РѕС‚ РєР»РёРµРЅС‚Р°: An existing connection was forcibly closed by the remote host.
	
2020-03-21 05:29:08.815 GMT [11992] РћРЁРР‘РљРђ:  Р°СЂРіСѓРјРµРЅС‚ РєРѕРЅСЃС‚СЂСѓРєС†РёРё AND РґРѕР»Р¶РµРЅ РёРјРµС‚СЊ С‚РёРї boolean, Р° РЅРµ bigint (СЃРёРјРІРѕР» 83)
2020-03-21 05:29:08.815 GMT [11992] РћРџР•Р РђРўРћР :  select *
	from  public.tests T left join public.prop_values P
			on T.id = P.id and P.entity_id and P.entity_type=0
			join public.props PN on P.prop.id = PN.id
			
	where T.id = 6
2020-03-21 05:29:39.717 GMT [11992] РћРЁРР‘РљРђ:  РѕС€РёР±РєР° СЃРёРЅС‚Р°РєСЃРёСЃР° (РїСЂРёРјРµСЂРЅРѕРµ РїРѕР»РѕР¶РµРЅРёРµ: "=") (СЃРёРјРІРѕР» 79)
2020-03-21 05:29:39.717 GMT [11992] РћРџР•Р РђРўРћР :  select *
	from  public.tests T left join public.prop_values P
			on T.id = P.id = P.entity_id and P.entity_type=0
			join public.props PN on P.prop.id = PN.id
			
	where T.id = 6
2020-03-21 05:29:59.317 GMT [11992] РћРЁРР‘РљРђ:  С‚Р°Р±Р»РёС†Р° "prop" РѕС‚СЃСѓС‚СЃС‚РІСѓРµС‚ РІ РїСЂРµРґР»РѕР¶РµРЅРёРё FROM (СЃРёРјРІРѕР» 132)
2020-03-21 05:29:59.317 GMT [11992] РћРџР•Р РђРўРћР :  select *
	from  public.tests T left join public.prop_values P
			on T.id = P.entity_id and P.entity_type=0
			join public.props PN on P.prop.id = PN.id
			
	where T.id = 6
2020-03-23 03:48:22.916 GMT [17104] СООБЩЕНИЕ:  получен запрос на быстрое выключение
2020-03-23 03:48:22.922 GMT [17104] СООБЩЕНИЕ:  прерывание всех активных транзакций
2020-03-23 03:48:22.929 GMT [6448] Р’РђР–РќРћ:  Р·Р°РєСЂС‹С‚РёРµ РїРѕРґРєР»СЋС‡РµРЅРёСЏ РїРѕ РєРѕРјР°РЅРґРµ Р°РґРјРёРЅРёСЃС‚СЂР°С‚РѕСЂР°
2020-03-23 03:48:22.938 GMT [3532] Р’РђР–РќРћ:  Р·Р°РєСЂС‹С‚РёРµ РїРѕРґРєР»СЋС‡РµРЅРёСЏ РїРѕ РєРѕРјР°РЅРґРµ Р°РґРјРёРЅРёСЃС‚СЂР°С‚РѕСЂР°
2020-03-23 03:48:22.940 GMT [3036] Р’РђР–РќРћ:  Р·Р°РєСЂС‹С‚РёРµ РїРѕРґРєР»СЋС‡РµРЅРёСЏ РїРѕ РєРѕРјР°РЅРґРµ Р°РґРјРёРЅРёСЃС‚СЂР°С‚РѕСЂР°
2020-03-23 03:48:22.942 GMT [17104] СООБЩЕНИЕ:  фоновый процесс "logical replication launcher" (PID 14760) завершился с кодом выхода 1
2020-03-23 03:48:22.967 GMT [17536] СООБЩЕНИЕ:  выключение
2020-03-23 03:48:23.038 GMT [17104] СООБЩЕНИЕ:  система БД выключена
